mode: set
keeper/cmd/key/main.go:18.13,21.40 2 0
keeper/cmd/key/main.go:21.40,23.3 1 0
keeper/cmd/key/main.go:25.2,26.16 2 0
keeper/cmd/key/main.go:26.16,28.3 1 0
keeper/cmd/key/main.go:30.2,36.41 5 0
keeper/cmd/key/main.go:36.41,38.3 1 0
keeper/cmd/key/main.go:38.8,38.44 1 0
keeper/cmd/key/main.go:38.44,40.3 1 0
keeper/cmd/key/main.go:42.2,43.16 2 0
keeper/cmd/key/main.go:43.16,45.3 1 0
keeper/cmd/key/main.go:47.2,48.16 2 0
keeper/cmd/key/main.go:48.16,50.3 1 0
keeper/cmd/key/main.go:52.2,54.16 3 0
keeper/cmd/key/main.go:54.16,56.3 1 0
keeper/cmd/key/main.go:58.2,60.41 3 0
keeper/cmd/server/main.go:25.13,29.16 3 0
keeper/cmd/server/main.go:29.16,31.3 1 0
keeper/cmd/server/main.go:33.2,34.16 2 0
keeper/cmd/server/main.go:34.16,36.3 1 0
keeper/cmd/server/main.go:38.2,39.16 2 0
keeper/cmd/server/main.go:39.16,41.3 1 0
keeper/cmd/server/main.go:43.2,43.38 1 0
keeper/cmd/server/main.go:43.38,45.3 1 0
keeper/cmd/server/main.go:48.57,51.16 3 0
keeper/cmd/server/main.go:51.16,53.3 1 0
keeper/cmd/server/main.go:54.2,64.16 8 0
keeper/cmd/server/main.go:64.16,66.3 1 0
keeper/cmd/server/main.go:68.2,73.16 5 0
keeper/cmd/server/main.go:73.16,75.3 1 0
keeper/cmd/server/main.go:77.2,87.12 6 0
keeper/cmd/server/main.go:87.12,88.53 1 0
keeper/cmd/server/main.go:88.53,90.4 1 0
keeper/cmd/server/main.go:95.2,116.12 8 0
keeper/cmd/tui/main.go:15.13,20.16 4 0
keeper/cmd/tui/main.go:20.16,23.3 2 0
keeper/cmd/tui/main.go:24.2,29.114 4 0
keeper/cmd/tui/main.go:29.114,32.3 2 0
keeper/internal/core/config/config.go:37.35,40.40 2 0
keeper/internal/core/config/config.go:40.40,42.3 1 0
keeper/internal/core/config/config.go:44.2,50.25 6 0
keeper/internal/core/config/config.go:50.25,52.3 1 0
keeper/internal/core/config/config.go:53.2,53.23 1 0
keeper/internal/core/config/config.go:53.23,55.3 1 0
keeper/internal/core/config/config.go:56.2,56.20 1 0
keeper/internal/core/config/config.go:56.20,58.3 1 0
keeper/internal/core/config/config.go:60.2,60.18 1 0
keeper/cmd/key/main.go:18.13,21.40 2 0
keeper/cmd/key/main.go:21.40,23.3 1 0
keeper/cmd/key/main.go:25.2,26.16 2 0
keeper/cmd/key/main.go:26.16,28.3 1 0
keeper/cmd/key/main.go:30.2,36.41 5 0
keeper/cmd/key/main.go:36.41,38.3 1 0
keeper/cmd/key/main.go:38.8,38.44 1 0
keeper/cmd/key/main.go:38.44,40.3 1 0
keeper/cmd/key/main.go:42.2,43.16 2 0
keeper/cmd/key/main.go:43.16,45.3 1 0
keeper/cmd/key/main.go:47.2,48.16 2 0
keeper/cmd/key/main.go:48.16,50.3 1 0
keeper/cmd/key/main.go:52.2,54.16 3 0
keeper/cmd/key/main.go:54.16,56.3 1 0
keeper/cmd/key/main.go:58.2,60.41 3 0
keeper/cmd/server/main.go:25.13,29.16 3 0
keeper/cmd/server/main.go:29.16,31.3 1 0
keeper/cmd/server/main.go:33.2,34.16 2 0
keeper/cmd/server/main.go:34.16,36.3 1 0
keeper/cmd/server/main.go:38.2,39.16 2 0
keeper/cmd/server/main.go:39.16,41.3 1 0
keeper/cmd/server/main.go:43.2,43.38 1 0
keeper/cmd/server/main.go:43.38,45.3 1 0
keeper/cmd/server/main.go:48.57,51.16 3 0
keeper/cmd/server/main.go:51.16,53.3 1 0
keeper/cmd/server/main.go:54.2,64.16 8 0
keeper/cmd/server/main.go:64.16,66.3 1 0
keeper/cmd/server/main.go:68.2,73.16 5 0
keeper/cmd/server/main.go:73.16,75.3 1 0
keeper/cmd/server/main.go:77.2,87.12 6 0
keeper/cmd/server/main.go:87.12,88.53 1 0
keeper/cmd/server/main.go:88.53,90.4 1 0
keeper/cmd/server/main.go:95.2,116.12 8 0
keeper/cmd/tui/main.go:15.13,20.16 4 0
keeper/cmd/tui/main.go:20.16,23.3 2 0
keeper/cmd/tui/main.go:24.2,29.114 4 0
keeper/cmd/tui/main.go:29.114,32.3 2 0
keeper/internal/core/config/config.go:37.35,40.40 2 0
keeper/internal/core/config/config.go:40.40,42.3 1 0
keeper/internal/core/config/config.go:44.2,50.25 6 0
keeper/internal/core/config/config.go:50.25,52.3 1 0
keeper/internal/core/config/config.go:53.2,53.23 1 0
keeper/internal/core/config/config.go:53.23,55.3 1 0
keeper/internal/core/config/config.go:56.2,56.20 1 0
keeper/internal/core/config/config.go:56.20,58.3 1 0
keeper/internal/core/config/config.go:60.2,60.18 1 0
keeper/internal/core/encryption/encryption_manager.go:18.50,19.16 1 0
keeper/internal/core/encryption/encryption_manager.go:19.16,21.3 1 0
keeper/internal/core/encryption/encryption_manager.go:23.2,24.16 2 0
keeper/internal/core/encryption/encryption_manager.go:24.16,26.3 1 0
keeper/internal/core/encryption/encryption_manager.go:28.2,28.18 1 0
keeper/internal/core/encryption/encryption_manager.go:32.123,35.16 3 0
keeper/internal/core/encryption/encryption_manager.go:35.16,37.3 1 0
keeper/internal/core/encryption/encryption_manager.go:39.2,40.16 2 0
keeper/internal/core/encryption/encryption_manager.go:40.16,42.3 1 0
keeper/internal/core/encryption/encryption_manager.go:44.2,45.16 2 0
keeper/internal/core/encryption/encryption_manager.go:45.16,47.3 1 0
keeper/internal/core/encryption/encryption_manager.go:49.2,50.22 2 0
keeper/internal/core/encryption/encryption_manager.go:54.78,56.16 2 0
keeper/internal/core/encryption/encryption_manager.go:56.16,58.3 1 0
keeper/internal/core/encryption/encryption_manager.go:60.2,61.16 2 0
keeper/internal/core/encryption/encryption_manager.go:61.16,63.3 1 0
keeper/internal/core/encryption/encryption_manager.go:65.2,67.16 3 0
keeper/internal/core/encryption/encryption_manager.go:67.16,69.3 1 0
keeper/internal/core/encryption/encryption_manager.go:71.2,71.45 1 0
keeper/internal/core/encryption/encryption_manager.go:75.95,77.16 2 0
keeper/internal/core/encryption/encryption_manager.go:77.16,79.3 1 0
keeper/internal/core/encryption/encryption_manager.go:81.2,82.16 2 0
keeper/internal/core/encryption/encryption_manager.go:82.16,84.3 1 0
keeper/internal/core/encryption/encryption_manager.go:86.2,87.16 2 0
keeper/internal/core/encryption/encryption_manager.go:87.16,89.3 1 0
keeper/internal/core/encryption/encryption_manager.go:91.2,91.23 1 0
keeper/internal/core/encryption/private_key.go:20.43,22.16 2 0
keeper/internal/core/encryption/private_key.go:22.16,24.3 1 0
keeper/internal/core/encryption/private_key.go:26.2,26.35 1 0
keeper/internal/core/encryption/private_key.go:29.63,30.16 1 0
keeper/internal/core/encryption/private_key.go:30.16,32.3 1 0
keeper/internal/core/encryption/private_key.go:34.2,35.16 2 0
keeper/internal/core/encryption/private_key.go:35.16,37.3 1 0
keeper/internal/core/encryption/private_key.go:39.2,39.29 1 0
keeper/internal/core/encryption/private_key.go:42.57,44.18 2 0
keeper/internal/core/encryption/private_key.go:44.18,46.3 1 0
keeper/internal/core/encryption/private_key.go:47.2,48.16 2 0
keeper/internal/core/encryption/private_key.go:48.16,50.3 1 0
keeper/internal/core/encryption/private_key.go:52.2,52.42 1 0
keeper/internal/core/encryption/private_key.go:55.36,62.2 1 0
keeper/internal/core/encryption/private_key.go:64.64,68.19 3 0
keeper/internal/core/encryption/private_key.go:68.19,70.3 1 0
keeper/internal/core/encryption/private_key.go:71.2,74.49 4 0
keeper/internal/core/encryption/private_key.go:74.49,76.20 2 0
keeper/internal/core/encryption/private_key.go:76.20,78.4 1 0
keeper/internal/core/encryption/private_key.go:80.3,81.17 2 0
keeper/internal/core/encryption/private_key.go:81.17,83.4 1 0
keeper/internal/core/encryption/private_key.go:85.3,85.41 1 0
keeper/internal/core/encryption/private_key.go:88.2,88.21 1 0
keeper/internal/core/encryption/private_key.go:91.65,97.49 5 0
keeper/internal/core/encryption/private_key.go:97.49,99.20 2 0
keeper/internal/core/encryption/private_key.go:99.20,101.4 1 0
keeper/internal/core/encryption/private_key.go:103.3,104.17 2 0
keeper/internal/core/encryption/private_key.go:104.17,106.4 1 0
keeper/internal/core/encryption/private_key.go:108.3,108.41 1 0
keeper/internal/core/encryption/private_key.go:111.2,111.21 1 0
keeper/internal/core/encryption/private_key.go:114.49,115.18 1 0
keeper/internal/core/encryption/private_key.go:115.18,117.3 1 0
keeper/internal/core/encryption/private_key.go:118.2,118.25 1 0
keeper/internal/core/encryption/private_key.go:121.87,123.16 2 0
keeper/internal/core/encryption/private_key.go:123.16,125.3 1 0
keeper/internal/core/encryption/private_key.go:127.2,127.15 1 0
keeper/internal/core/encryption/private_key.go:130.89,132.16 2 0
keeper/internal/core/encryption/private_key.go:132.16,134.3 1 0
keeper/internal/core/encryption/private_key.go:136.2,136.15 1 0
keeper/internal/core/encryption/private_key.go:141.47,144.2 1 0
keeper/internal/core/encryption/service.go:17.85,23.2 1 0
keeper/internal/core/encryption/service.go:26.94,28.16 2 0
keeper/internal/core/encryption/service.go:28.16,30.3 1 0
keeper/internal/core/encryption/service.go:32.2,33.16 2 0
keeper/internal/core/encryption/service.go:33.16,35.3 1 0
keeper/internal/core/encryption/service.go:36.2,36.66 1 0
keeper/internal/core/encryption/service.go:40.96,42.16 2 0
keeper/internal/core/encryption/service.go:42.16,44.3 1 0
keeper/internal/core/encryption/service.go:45.2,46.16 2 0
keeper/internal/core/encryption/service.go:46.16,48.3 1 0
keeper/internal/core/encryption/service.go:49.2,50.16 2 0
keeper/internal/core/encryption/service.go:50.16,52.3 1 0
keeper/internal/core/encryption/service.go:54.2,54.45 1 0
keeper/internal/core/encryption/service.go:58.83,60.8 2 0
keeper/internal/core/encryption/service.go:60.8,62.3 1 0
keeper/internal/core/encryption/service.go:64.2,65.16 2 0
keeper/internal/core/encryption/service.go:65.16,67.3 1 0
keeper/internal/core/encryption/service.go:68.2,69.21 2 0
keeper/internal/core/model/secret.go:14.96,16.2 1 1
keeper/internal/core/model/secret.go:19.50,20.34 1 1
keeper/internal/core/model/secret.go:20.34,22.3 1 1
keeper/internal/core/model/secret.go:23.2,25.16 3 1
keeper/internal/core/model/secret.go:25.16,27.3 1 1
keeper/internal/core/model/secret.go:28.2,29.16 2 1
keeper/internal/core/model/secret.go:33.42,34.30 1 1
keeper/internal/core/model/secret.go:34.30,36.3 1 1
keeper/internal/core/model/secret.go:37.2,39.16 3 1
keeper/internal/core/model/secret.go:39.16,41.3 1 1
keeper/internal/core/model/secret.go:42.2,43.16 2 1
keeper/internal/core/model/secret.go:47.42,48.30 1 1
keeper/internal/core/model/secret.go:48.30,50.3 1 1
keeper/internal/core/model/secret.go:51.2,53.16 3 1
keeper/internal/core/model/secret.go:53.16,55.3 1 1
keeper/internal/core/model/secret.go:56.2,57.16 2 1
keeper/internal/core/model/secret.go:61.42,62.30 1 1
keeper/internal/core/model/secret.go:62.30,64.3 1 1
keeper/internal/core/model/secret.go:65.2,67.16 3 1
keeper/internal/core/model/secret.go:67.16,69.3 1 1
keeper/internal/core/model/secret.go:70.2,71.16 2 1
keeper/internal/core/model/secret.go:89.74,95.2 1 0
keeper/internal/core/model/secret.go:98.49,100.16 2 1
keeper/internal/core/model/secret.go:100.16,102.3 1 0
keeper/internal/core/model/secret.go:103.2,103.21 1 1
keeper/internal/core/model/secret.go:112.55,117.2 1 0
keeper/internal/core/model/secret.go:120.45,122.16 2 1
keeper/internal/core/model/secret.go:122.16,124.3 1 0
keeper/internal/core/model/secret.go:125.2,125.21 1 1
keeper/internal/core/model/secret.go:138.113,147.2 1 0
keeper/internal/core/model/secret.go:150.45,152.16 2 1
keeper/internal/core/model/secret.go:152.16,154.3 1 0
keeper/internal/core/model/secret.go:155.2,155.21 1 1
keeper/internal/core/model/secret.go:158.33,160.2 1 0
keeper/internal/core/model/secret.go:170.79,176.2 1 0
keeper/internal/core/model/secret.go:179.45,181.16 2 1
keeper/internal/core/model/secret.go:181.16,183.3 1 0
keeper/internal/core/model/secret.go:184.2,184.21 1 1
keeper/internal/core/service/iam.go:28.73,30.2 1 0
keeper/internal/core/service/iam.go:33.85,35.16 2 0
keeper/internal/core/service/iam.go:35.16,37.3 1 0
keeper/internal/core/service/iam.go:38.2,38.14 1 0
keeper/internal/core/service/iam.go:38.14,40.3 1 0
keeper/internal/core/service/iam.go:42.2,43.16 2 0
keeper/internal/core/service/iam.go:43.16,45.3 1 0
keeper/internal/core/service/iam.go:47.2,48.16 2 0
keeper/internal/core/service/iam.go:48.16,50.3 1 0
keeper/internal/core/service/iam.go:52.2,52.19 1 0
keeper/internal/core/service/iam.go:56.88,58.16 2 0
keeper/internal/core/service/iam.go:58.16,60.3 1 0
keeper/internal/core/service/iam.go:62.2,63.16 2 0
keeper/internal/core/service/iam.go:63.16,65.3 1 0
keeper/internal/core/service/iam.go:67.2,68.16 2 0
keeper/internal/core/service/iam.go:68.16,70.3 1 0
keeper/internal/core/service/iam.go:72.2,72.19 1 0
keeper/internal/core/service/iam.go:75.62,88.16 3 0
keeper/internal/core/service/iam.go:88.16,90.3 1 0
keeper/internal/core/service/iam.go:92.2,93.25 2 0
keeper/internal/core/service/iam.go:96.66,99.43 2 0
keeper/internal/core/service/iam.go:99.43,101.4 1 0
keeper/internal/core/service/iam.go:103.2,103.16 1 0
keeper/internal/core/service/iam.go:103.16,105.3 1 0
keeper/internal/core/service/iam.go:107.2,107.18 1 0
keeper/internal/core/service/iam.go:107.18,109.3 1 0
keeper/internal/core/service/iam.go:111.2,111.69 1 0
keeper/internal/core/service/secret.go:29.18,31.2 1 0
keeper/internal/core/service/secret.go:33.118,35.16 2 0
keeper/internal/core/service/secret.go:35.16,37.3 1 0
keeper/internal/core/service/secret.go:38.2,38.49 1 0
keeper/internal/core/service/secret.go:41.104,43.16 2 0
keeper/internal/core/service/secret.go:43.16,45.3 1 0
keeper/internal/core/service/secret.go:47.2,47.46 1 0
keeper/internal/core/service/secret.go:47.46,49.17 2 0
keeper/internal/core/service/secret.go:49.17,51.4 1 0
keeper/internal/core/service/secret.go:52.3,53.17 2 0
keeper/internal/core/service/secret.go:53.17,55.4 1 0
keeper/internal/core/service/secret.go:56.3,57.17 2 0
keeper/internal/core/service/secret.go:57.17,59.4 1 0
keeper/internal/core/service/secret.go:61.3,63.17 3 0
keeper/internal/core/service/secret.go:63.17,65.4 1 0
keeper/internal/core/service/secret.go:66.8,68.17 2 0
keeper/internal/core/service/secret.go:68.17,70.4 1 0
keeper/internal/core/service/secret.go:71.3,71.26 1 0
keeper/internal/core/service/secret.go:74.2,74.25 1 0
keeper/internal/core/service/secret.go:77.113,83.16 3 0
keeper/internal/core/service/secret.go:83.16,85.3 1 0
keeper/internal/core/service/secret.go:87.2,89.16 3 0
keeper/internal/core/service/secret.go:89.16,91.3 1 0
keeper/internal/core/service/secret.go:93.2,94.19 2 0
keeper/internal/core/service/secret.go:97.113,103.16 3 0
keeper/internal/core/service/secret.go:103.16,105.3 1 0
keeper/internal/core/service/secret.go:106.2,109.16 3 0
keeper/internal/core/service/secret.go:109.16,111.3 1 0
keeper/internal/core/service/secret.go:113.2,113.19 1 0
keeper/internal/core/service/secret.go:116.101,118.16 2 0
keeper/internal/core/service/secret.go:118.16,120.3 1 0
keeper/internal/core/service/secret.go:122.2,125.16 4 0
keeper/internal/core/service/secret.go:125.16,127.3 1 0
keeper/internal/core/service/secret.go:129.2,134.16 3 0
keeper/internal/core/service/secret.go:134.16,136.3 1 0
keeper/internal/core/service/secret.go:138.2,147.16 4 0
keeper/internal/core/service/secret.go:147.16,149.3 1 0
keeper/internal/core/service/secret.go:151.2,151.17 1 0
keeper/internal/infra/api/grpc/client.go:22.64,25.16 3 0
keeper/internal/infra/api/grpc/client.go:25.16,27.3 1 0
keeper/internal/infra/api/grpc/client.go:29.2,35.3 2 0
keeper/internal/infra/api/grpc/client.go:38.26,40.2 1 0
keeper/internal/infra/api/grpc/client.go:42.41,45.2 2 0
keeper/internal/infra/api/grpc/client.go:47.53,50.16 3 0
keeper/internal/infra/api/grpc/client.go:50.16,52.3 1 0
keeper/internal/infra/api/grpc/client.go:53.2,54.12 2 0
keeper/internal/infra/api/grpc/client.go:57.54,59.16 2 0
keeper/internal/infra/api/grpc/client.go:59.16,61.3 1 0
keeper/internal/infra/api/grpc/client.go:63.2,64.12 2 0
keeper/internal/infra/api/grpc/client.go:67.76,69.16 2 0
keeper/internal/infra/api/grpc/client.go:69.16,71.3 1 0
keeper/internal/infra/api/grpc/client.go:72.2,73.30 2 0
keeper/internal/infra/api/grpc/client.go:73.30,76.3 2 0
keeper/internal/infra/api/grpc/client.go:77.2,77.19 1 0
keeper/internal/infra/api/grpc/client.go:80.67,82.16 2 0
keeper/internal/infra/api/grpc/client.go:82.16,84.3 1 0
keeper/internal/infra/api/grpc/client.go:85.2,87.20 3 0
keeper/internal/infra/api/grpc/client.go:90.125,100.16 2 0
keeper/internal/infra/api/grpc/client.go:100.16,102.3 1 0
keeper/internal/infra/api/grpc/client.go:103.2,105.20 3 0
keeper/internal/infra/api/grpc/client.go:108.95,118.16 2 0
keeper/internal/infra/api/grpc/client.go:118.16,120.3 1 0
keeper/internal/infra/api/grpc/client.go:121.2,121.18 1 0
keeper/internal/infra/api/grpc/client.go:124.135,135.16 2 0
keeper/internal/infra/api/grpc/client.go:135.16,137.3 1 0
keeper/internal/infra/api/grpc/client.go:138.2,140.20 3 0
keeper/internal/infra/api/grpc/iam.go:16.91,27.61 4 0
keeper/internal/infra/api/grpc/iam.go:27.61,29.3 1 0
keeper/internal/infra/api/grpc/iam.go:30.2,30.16 1 0
keeper/internal/infra/api/grpc/iam.go:30.16,33.3 2 0
keeper/internal/infra/api/grpc/iam.go:35.2,35.37 1 0
keeper/internal/infra/api/grpc/iam.go:38.93,49.61 4 0
keeper/internal/infra/api/grpc/iam.go:49.61,51.3 1 0
keeper/internal/infra/api/grpc/iam.go:52.2,52.16 1 0
keeper/internal/infra/api/grpc/iam.go:52.16,55.3 2 0
keeper/internal/infra/api/grpc/iam.go:57.2,57.37 1 0
keeper/internal/infra/api/grpc/server.go:35.137,38.25 1 0
keeper/internal/infra/api/grpc/server.go:38.25,40.96 2 0
keeper/internal/infra/api/grpc/server.go:40.96,42.4 1 0
keeper/internal/infra/api/grpc/server.go:43.3,44.10 2 0
keeper/internal/infra/api/grpc/server.go:44.10,47.4 2 0
keeper/internal/infra/api/grpc/server.go:49.3,50.22 2 0
keeper/internal/infra/api/grpc/server.go:50.22,53.4 2 0
keeper/internal/infra/api/grpc/server.go:55.3,56.17 2 0
keeper/internal/infra/api/grpc/server.go:56.17,59.4 2 0
keeper/internal/infra/api/grpc/server.go:61.3,64.27 3 0
keeper/internal/infra/api/grpc/server.go:72.17,84.2 4 0
keeper/internal/infra/api/grpc/server.go:87.50,90.16 3 0
keeper/internal/infra/api/grpc/server.go:90.16,92.3 1 0
keeper/internal/infra/api/grpc/server.go:94.2,94.28 1 0
keeper/internal/infra/api/grpc/server.go:98.60,103.2 4 0
keeper/internal/infra/api/grpc/server.go:105.103,107.9 2 0
keeper/internal/infra/api/grpc/server.go:107.9,110.3 2 0
keeper/internal/infra/api/grpc/server.go:112.2,126.16 4 0
keeper/internal/infra/api/grpc/server.go:126.16,128.3 1 0
keeper/internal/infra/api/grpc/server.go:130.2,131.35 2 0
keeper/internal/infra/api/grpc/server.go:131.35,134.3 2 0
keeper/internal/infra/api/grpc/server.go:135.2,136.23 2 0
keeper/internal/infra/api/grpc/server.go:139.97,141.9 2 0
keeper/internal/infra/api/grpc/server.go:141.9,144.3 2 0
keeper/internal/infra/api/grpc/server.go:146.2,161.61 4 0
keeper/internal/infra/api/grpc/server.go:161.61,163.3 1 0
keeper/internal/infra/api/grpc/server.go:164.2,164.16 1 0
keeper/internal/infra/api/grpc/server.go:164.16,167.3 2 0
keeper/internal/infra/api/grpc/server.go:169.2,176.23 2 0
keeper/internal/infra/api/grpc/server.go:179.106,181.9 2 0
keeper/internal/infra/api/grpc/server.go:181.9,184.3 2 0
keeper/internal/infra/api/grpc/server.go:186.2,203.16 4 0
keeper/internal/infra/api/grpc/server.go:203.16,205.3 1 0
keeper/internal/infra/api/grpc/server.go:207.2,214.23 2 0
keeper/internal/infra/api/grpc/server.go:217.126,219.9 2 0
keeper/internal/infra/api/grpc/server.go:219.9,222.3 2 0
keeper/internal/infra/api/grpc/server.go:224.2,241.16 4 0
keeper/internal/infra/api/grpc/server.go:241.16,243.3 1 0
keeper/internal/infra/api/grpc/server.go:245.2,251.23 2 0
keeper/internal/infra/api/grpc/server.go:254.106,256.9 2 0
keeper/internal/infra/api/grpc/server.go:256.9,259.3 2 0
keeper/internal/infra/api/grpc/server.go:261.2,279.16 4 0
keeper/internal/infra/api/grpc/server.go:279.16,281.3 1 0
keeper/internal/infra/api/grpc/server.go:283.2,290.23 2 0
keeper/internal/infra/api/grpc/shared.go:8.59,10.11 2 0
keeper/internal/infra/api/grpc/shared.go:11.32,12.30 1 0
keeper/internal/infra/api/grpc/shared.go:13.28,14.26 1 0
keeper/internal/infra/api/grpc/shared.go:15.28,16.26 1 0
keeper/internal/infra/api/grpc/shared.go:17.28,18.26 1 0
keeper/internal/infra/api/grpc/shared.go:20.2,20.11 1 0
keeper/internal/infra/api/grpc/shared.go:23.59,25.11 2 0
keeper/internal/infra/api/grpc/shared.go:26.30,27.32 1 0
keeper/internal/infra/api/grpc/shared.go:28.26,29.28 1 0
keeper/internal/infra/api/grpc/shared.go:30.26,31.28 1 0
keeper/internal/infra/api/grpc/shared.go:32.26,33.28 1 0
keeper/internal/infra/api/grpc/shared.go:35.2,35.11 1 0
keeper/internal/infra/repo/secret.go:26.44,34.56 1 0
keeper/internal/infra/repo/secret.go:34.56,36.4 1 0
keeper/internal/infra/repo/secret.go:39.2,42.13 3 0
keeper/internal/infra/repo/secret.go:45.113,53.22 3 0
keeper/internal/infra/repo/secret.go:53.22,55.17 2 0
keeper/internal/infra/repo/secret.go:55.17,57.4 1 0
keeper/internal/infra/repo/secret.go:59.3,59.19 1 0
keeper/internal/infra/repo/secret.go:59.19,63.18 3 0
keeper/internal/infra/repo/secret.go:63.18,65.5 1 0
keeper/internal/infra/repo/secret.go:67.4,67.29 1 0
keeper/internal/infra/repo/secret.go:70.3,71.17 2 0
keeper/internal/infra/repo/secret.go:71.17,73.4 1 0
keeper/internal/infra/repo/secret.go:74.3,74.13 1 0
keeper/internal/infra/repo/secret.go:76.2,77.16 2 0
keeper/internal/infra/repo/secret.go:77.16,79.3 1 0
keeper/internal/infra/repo/secret.go:80.2,80.19 1 0
keeper/internal/infra/repo/secret.go:84.104,95.22 4 0
keeper/internal/infra/repo/secret.go:95.22,107.36 3 0
keeper/internal/infra/repo/secret.go:107.36,109.4 1 0
keeper/internal/infra/repo/secret.go:110.3,110.13 1 0
keeper/internal/infra/repo/secret.go:112.2,113.16 2 0
keeper/internal/infra/repo/secret.go:113.16,115.3 1 0
keeper/internal/infra/repo/secret.go:116.2,116.65 1 0
keeper/internal/infra/repo/secret.go:119.123,127.22 3 0
keeper/internal/infra/repo/secret.go:127.22,135.17 3 0
keeper/internal/infra/repo/secret.go:135.17,137.4 1 0
keeper/internal/infra/repo/secret.go:138.3,138.13 1 0
keeper/internal/infra/repo/secret.go:142.2,143.16 2 0
keeper/internal/infra/repo/secret.go:143.16,145.3 1 0
keeper/internal/infra/repo/secret.go:146.2,146.22 1 0
keeper/internal/infra/repo/secret.go:149.114,152.22 2 0
keeper/internal/infra/repo/secret.go:152.22,159.17 2 0
keeper/internal/infra/repo/secret.go:159.17,161.4 1 0
keeper/internal/infra/repo/secret.go:162.3,163.17 2 0
keeper/internal/infra/repo/secret.go:163.17,165.4 1 0
keeper/internal/infra/repo/secret.go:166.3,166.19 1 0
keeper/internal/infra/repo/secret.go:166.19,168.4 1 0
keeper/internal/infra/repo/secret.go:169.3,169.13 1 0
keeper/internal/infra/repo/secret.go:173.2,174.16 2 0
keeper/internal/infra/repo/secret.go:174.16,176.3 1 0
keeper/internal/infra/repo/secret.go:177.2,177.12 1 0
keeper/internal/infra/repo/user.go:23.40,31.56 1 0
keeper/internal/infra/repo/user.go:31.56,33.4 1 0
keeper/internal/infra/repo/user.go:36.2,39.13 3 0
keeper/internal/infra/repo/user.go:42.110,44.22 2 0
keeper/internal/infra/repo/user.go:44.22,54.68 4 0
keeper/internal/infra/repo/user.go:54.68,56.4 1 0
keeper/internal/infra/repo/user.go:57.3,57.17 1 0
keeper/internal/infra/repo/user.go:57.17,59.4 1 0
keeper/internal/infra/repo/user.go:60.3,61.13 2 0
keeper/internal/infra/repo/user.go:64.2,65.16 2 0
keeper/internal/infra/repo/user.go:65.16,67.3 1 0
keeper/internal/infra/repo/user.go:68.2,68.18 1 0
keeper/internal/infra/repo/user.go:71.84,74.22 2 0
keeper/internal/infra/repo/user.go:74.22,77.36 3 0
keeper/internal/infra/repo/user.go:77.36,79.4 1 0
keeper/internal/infra/repo/user.go:80.3,80.13 1 0
keeper/internal/infra/repo/user.go:82.2,83.16 2 0
keeper/internal/infra/repo/user.go:83.16,85.3 1 0
keeper/internal/infra/repo/user.go:86.2,86.18 1 0
keeper/internal/infra/s3/minio.go:21.80,26.16 2 0
keeper/internal/infra/s3/minio.go:26.16,28.3 1 0
keeper/internal/infra/s3/minio.go:30.2,31.16 2 0
keeper/internal/infra/s3/minio.go:31.16,33.3 1 0
keeper/internal/infra/s3/minio.go:34.2,34.13 1 0
keeper/internal/infra/s3/minio.go:34.13,37.17 3 0
keeper/internal/infra/s3/minio.go:37.17,39.4 1 0
keeper/internal/infra/s3/minio.go:40.3,40.85 1 0
keeper/internal/infra/s3/minio.go:43.2,43.69 1 0
keeper/internal/infra/s3/minio.go:46.97,47.110 1 0
keeper/internal/infra/s3/minio.go:47.110,49.3 1 0
keeper/internal/infra/s3/minio.go:51.2,51.12 1 0
keeper/internal/infra/s3/minio.go:54.80,56.16 2 0
keeper/internal/infra/s3/minio.go:56.16,58.3 1 0
keeper/internal/infra/s3/minio.go:60.2,60.15 1 0
keeper/internal/infra/s3/minio.go:60.15,61.36 1 0
keeper/internal/infra/s3/minio.go:61.36,63.4 1 0
keeper/internal/infra/s3/minio.go:66.2,67.44 2 0
keeper/internal/infra/s3/minio.go:67.44,69.3 1 0
keeper/internal/infra/s3/minio.go:70.2,70.25 1 0
keeper/internal/infra/tui/model.go:25.32,27.2 1 0
keeper/internal/infra/tui/model.go:45.34,62.2 2 0
keeper/internal/infra/tui/model.go:64.31,66.2 1 0
keeper/internal/infra/tui/model.go:68.57,70.27 2 0
keeper/internal/infra/tui/model.go:71.27,72.32 1 0
keeper/internal/infra/tui/model.go:73.22,75.36 2 0
keeper/internal/infra/tui/model.go:78.2,81.34 3 0
keeper/internal/infra/tui/model.go:84.30,86.24 2 0
keeper/internal/infra/tui/model.go:86.24,88.3 1 0
keeper/internal/infra/tui/model.go:91.2,97.31 6 0
keeper/internal/infra/tui/model.go:97.31,101.3 3 0
keeper/internal/infra/tui/model.go:103.2,103.19 1 0
keeper/internal/infra/tui/model.go:106.38,107.24 1 0
keeper/internal/infra/tui/model.go:107.24,109.3 1 0
keeper/internal/infra/tui/model.go:110.2,111.31 2 0
keeper/internal/infra/tui/model.go:111.31,112.22 1 0
keeper/internal/infra/tui/model.go:112.22,114.4 1 0
keeper/internal/infra/tui/model.go:116.2,117.24 2 0
keeper/internal/infra/tui/model.go:120.63,123.20 2 0
keeper/internal/infra/tui/model.go:125.25,126.29 1 0
keeper/internal/infra/tui/model.go:128.26,129.30 1 0
keeper/internal/infra/tui/model.go:132.30,134.33 2 0
keeper/internal/infra/tui/model.go:136.30,138.46 2 0
keeper/internal/infra/tui/model.go:141.29,142.33 1 0
keeper/internal/infra/tui/model.go:145.34,147.41 2 0
keeper/internal/infra/tui/model.go:149.30,151.42 2 0
keeper/internal/infra/tui/model.go:153.30,155.42 2 0
keeper/internal/infra/tui/model.go:157.30,159.30 2 0
keeper/internal/infra/tui/model.go:161.2,161.12 1 0
keeper/internal/infra/tui/views/create_file.go:36.55,75.2 17 0
keeper/internal/infra/tui/views/create_file.go:77.41,80.2 2 0
keeper/internal/infra/tui/views/create_file.go:82.79,83.24 1 0
keeper/internal/infra/tui/views/create_file.go:83.24,85.17 2 0
keeper/internal/infra/tui/views/create_file.go:85.17,88.4 2 0
keeper/internal/infra/tui/views/create_file.go:89.3,89.16 1 0
keeper/internal/infra/tui/views/create_file.go:89.16,90.38 1 0
keeper/internal/infra/tui/views/create_file.go:90.38,92.5 1 0
keeper/internal/infra/tui/views/create_file.go:95.3,96.17 2 0
keeper/internal/infra/tui/views/create_file.go:96.17,99.4 2 0
keeper/internal/infra/tui/views/create_file.go:101.3,105.17 4 0
keeper/internal/infra/tui/views/create_file.go:105.17,108.4 2 0
keeper/internal/infra/tui/views/create_file.go:109.3,110.69 2 0
keeper/internal/infra/tui/views/create_file.go:114.54,115.27 1 0
keeper/internal/infra/tui/views/create_file.go:116.18,117.23 1 0
keeper/internal/infra/tui/views/create_file.go:118.24,119.67 1 0
keeper/internal/infra/tui/views/create_file.go:121.50,125.65 2 0
keeper/internal/infra/tui/views/create_file.go:125.65,127.18 2 0
keeper/internal/infra/tui/views/create_file.go:127.18,129.6 1 0
keeper/internal/infra/tui/views/create_file.go:130.5,130.10 1 0
keeper/internal/infra/tui/views/create_file.go:134.4,134.51 1 0
keeper/internal/infra/tui/views/create_file.go:134.51,135.10 1 0
keeper/internal/infra/tui/views/create_file.go:138.4,138.53 1 0
keeper/internal/infra/tui/views/create_file.go:138.53,140.5 1 0
keeper/internal/infra/tui/views/create_file.go:141.4,141.53 1 0
keeper/internal/infra/tui/views/create_file.go:141.53,144.34 2 0
keeper/internal/infra/tui/views/create_file.go:144.34,146.6 1 0
keeper/internal/infra/tui/views/create_file.go:148.5,148.29 1 0
keeper/internal/infra/tui/views/create_file.go:148.29,150.6 1 0
keeper/internal/infra/tui/views/create_file.go:152.5,152.22 1 0
keeper/internal/infra/tui/views/create_file.go:152.22,154.6 1 0
keeper/internal/infra/tui/views/create_file.go:155.5,159.6 1 0
keeper/internal/infra/tui/views/create_file.go:163.4,163.37 1 0
keeper/internal/infra/tui/views/create_file.go:163.37,165.5 1 0
keeper/internal/infra/tui/views/create_file.go:165.10,167.5 1 0
keeper/internal/infra/tui/views/create_file.go:169.4,169.33 1 0
keeper/internal/infra/tui/views/create_file.go:169.33,171.5 1 0
keeper/internal/infra/tui/views/create_file.go:171.10,171.31 1 0
keeper/internal/infra/tui/views/create_file.go:171.31,173.5 1 0
keeper/internal/infra/tui/views/create_file.go:175.4,177.35 2 0
keeper/internal/infra/tui/views/create_file.go:177.35,181.5 3 0
keeper/internal/infra/tui/views/create_file.go:181.10,185.5 3 0
keeper/internal/infra/tui/views/create_file.go:188.4,188.35 1 0
keeper/internal/infra/tui/views/create_file.go:188.35,190.5 1 0
keeper/internal/infra/tui/views/create_file.go:190.10,192.5 1 0
keeper/internal/infra/tui/views/create_file.go:194.4,194.14 1 0
keeper/internal/infra/tui/views/create_file.go:197.2,197.28 1 0
keeper/internal/infra/tui/views/create_file.go:200.60,207.2 5 0
keeper/internal/infra/tui/views/create_file.go:209.40,212.23 3 0
keeper/internal/infra/tui/views/create_file.go:212.23,214.3 1 0
keeper/internal/infra/tui/views/create_file.go:215.2,222.26 6 0
keeper/internal/infra/tui/views/create_file.go:222.26,227.3 4 0
keeper/internal/infra/tui/views/create_file.go:227.8,229.3 1 0
keeper/internal/infra/tui/views/create_file.go:230.2,239.35 7 0
keeper/internal/infra/tui/views/create_file.go:239.35,241.3 1 0
keeper/internal/infra/tui/views/create_file.go:242.2,247.35 4 0
keeper/internal/infra/tui/views/create_file.go:247.35,249.3 1 0
keeper/internal/infra/tui/views/create_file.go:250.2,257.19 5 0
keeper/internal/infra/tui/views/create_secret.go:18.36,18.49 1 0
keeper/internal/infra/tui/views/create_secret.go:22.64,22.76 1 0
keeper/internal/infra/tui/views/create_secret.go:23.64,23.76 1 0
keeper/internal/infra/tui/views/create_secret.go:24.64,24.78 1 0
keeper/internal/infra/tui/views/create_secret.go:25.88,27.9 2 0
keeper/internal/infra/tui/views/create_secret.go:27.9,29.3 1 0
keeper/internal/infra/tui/views/create_secret.go:33.2,34.24 2 0
keeper/internal/infra/tui/views/create_secret.go:34.24,35.33 1 0
keeper/internal/infra/tui/views/create_secret.go:35.33,37.4 1 0
keeper/internal/infra/tui/views/create_secret.go:40.2,40.30 1 0
keeper/internal/infra/tui/views/create_secret.go:57.59,83.2 9 0
keeper/internal/infra/tui/views/create_secret.go:85.43,87.2 1 0
keeper/internal/infra/tui/views/create_secret.go:89.52,90.22 1 0
keeper/internal/infra/tui/views/create_secret.go:91.32,92.71 1 0
keeper/internal/infra/tui/views/create_secret.go:93.28,94.67 1 0
keeper/internal/infra/tui/views/create_secret.go:95.28,96.67 1 0
keeper/internal/infra/tui/views/create_secret.go:97.28,98.67 1 0
keeper/internal/infra/tui/views/create_secret.go:100.2,100.67 1 0
keeper/internal/infra/tui/views/create_secret.go:103.56,104.27 1 0
keeper/internal/infra/tui/views/create_secret.go:105.18,106.23 1 0
keeper/internal/infra/tui/views/create_secret.go:107.24,108.68 1 0
keeper/internal/infra/tui/views/create_secret.go:110.50,113.53 2 0
keeper/internal/infra/tui/views/create_secret.go:113.53,115.5 1 0
keeper/internal/infra/tui/views/create_secret.go:116.4,116.53 1 0
keeper/internal/infra/tui/views/create_secret.go:116.53,118.5 1 0
keeper/internal/infra/tui/views/create_secret.go:119.4,119.57 1 0
keeper/internal/infra/tui/views/create_secret.go:119.57,121.11 2 0
keeper/internal/infra/tui/views/create_secret.go:121.11,124.6 2 0
keeper/internal/infra/tui/views/create_secret.go:126.4,128.67 3 0
keeper/internal/infra/tui/views/create_secret.go:128.67,130.5 1 0
keeper/internal/infra/tui/views/create_secret.go:131.4,131.99 1 0
keeper/internal/infra/tui/views/create_secret.go:131.99,133.5 1 0
keeper/internal/infra/tui/views/create_secret.go:136.4,136.13 1 0
keeper/internal/infra/tui/views/create_secret.go:136.13,137.38 1 0
keeper/internal/infra/tui/views/create_secret.go:137.38,139.6 1 0
keeper/internal/infra/tui/views/create_secret.go:139.11,141.6 1 0
keeper/internal/infra/tui/views/create_secret.go:143.5,143.34 1 0
keeper/internal/infra/tui/views/create_secret.go:143.34,145.6 1 0
keeper/internal/infra/tui/views/create_secret.go:145.11,145.32 1 0
keeper/internal/infra/tui/views/create_secret.go:145.32,147.6 1 0
keeper/internal/infra/tui/views/create_secret.go:150.4,151.41 2 0
keeper/internal/infra/tui/views/create_secret.go:151.41,154.5 2 0
keeper/internal/infra/tui/views/create_secret.go:154.10,156.5 1 0
keeper/internal/infra/tui/views/create_secret.go:158.4,158.14 1 0
keeper/internal/infra/tui/views/create_secret.go:162.2,162.12 1 0
keeper/internal/infra/tui/views/create_secret.go:165.42,179.35 8 0
keeper/internal/infra/tui/views/create_secret.go:179.35,181.3 1 0
keeper/internal/infra/tui/views/create_secret.go:182.2,187.35 4 0
keeper/internal/infra/tui/views/create_secret.go:187.35,189.3 1 0
keeper/internal/infra/tui/views/create_secret.go:190.2,197.19 5 0
keeper/internal/infra/tui/views/login.go:28.45,31.24 2 0
keeper/internal/infra/tui/views/login.go:31.24,36.12 4 0
keeper/internal/infra/tui/views/login.go:37.10,42.20 5 0
keeper/internal/infra/tui/views/login.go:43.10,46.27 3 0
keeper/internal/infra/tui/views/login.go:49.3,49.16 1 0
keeper/internal/infra/tui/views/login.go:51.2,58.3 1 0
keeper/internal/infra/tui/views/login.go:61.68,62.24 1 0
keeper/internal/infra/tui/views/login.go:62.24,64.17 2 0
keeper/internal/infra/tui/views/login.go:64.17,67.4 2 0
keeper/internal/infra/tui/views/login.go:69.3,69.69 1 0
keeper/internal/infra/tui/views/login.go:73.49,74.27 1 0
keeper/internal/infra/tui/views/login.go:75.18,76.23 1 0
keeper/internal/infra/tui/views/login.go:77.24,78.19 1 0
keeper/internal/infra/tui/views/login.go:81.50,85.53 2 0
keeper/internal/infra/tui/views/login.go:85.53,87.5 1 0
keeper/internal/infra/tui/views/login.go:89.4,89.53 1 0
keeper/internal/infra/tui/views/login.go:89.53,91.5 1 0
keeper/internal/infra/tui/views/login.go:94.4,94.37 1 0
keeper/internal/infra/tui/views/login.go:94.37,96.5 1 0
keeper/internal/infra/tui/views/login.go:96.10,98.5 1 0
keeper/internal/infra/tui/views/login.go:100.4,100.33 1 0
keeper/internal/infra/tui/views/login.go:100.33,102.5 1 0
keeper/internal/infra/tui/views/login.go:102.10,102.31 1 0
keeper/internal/infra/tui/views/login.go:102.31,104.5 1 0
keeper/internal/infra/tui/views/login.go:106.4,107.42 2 0
keeper/internal/infra/tui/views/login.go:107.42,108.26 1 0
keeper/internal/infra/tui/views/login.go:108.26,113.14 4 0
keeper/internal/infra/tui/views/login.go:116.5,118.36 3 0
keeper/internal/infra/tui/views/login.go:121.4,121.29 1 0
keeper/internal/infra/tui/views/login.go:126.2,128.12 2 0
keeper/internal/infra/tui/views/login.go:131.55,136.26 2 0
keeper/internal/infra/tui/views/login.go:136.26,138.3 1 0
keeper/internal/infra/tui/views/login.go:140.2,140.27 1 0
keeper/internal/infra/tui/views/login.go:143.35,150.26 5 0
keeper/internal/infra/tui/views/login.go:150.26,152.26 2 0
keeper/internal/infra/tui/views/login.go:152.26,154.4 1 0
keeper/internal/infra/tui/views/login.go:158.2,160.35 3 0
keeper/internal/infra/tui/views/login.go:160.35,162.3 1 0
keeper/internal/infra/tui/views/login.go:163.2,168.37 4 0
keeper/internal/infra/tui/views/login.go:168.37,170.3 1 0
keeper/internal/infra/tui/views/login.go:171.2,177.19 4 0
keeper/internal/infra/tui/views/secret_view.go:18.47,23.2 1 0
keeper/internal/infra/tui/views/secret_view.go:25.51,26.24 1 0
keeper/internal/infra/tui/views/secret_view.go:26.24,28.17 2 0
keeper/internal/infra/tui/views/secret_view.go:28.17,31.4 2 0
keeper/internal/infra/tui/views/secret_view.go:33.3,34.12 2 0
keeper/internal/infra/tui/views/secret_view.go:38.50,40.63 2 0
keeper/internal/infra/tui/views/secret_view.go:40.63,42.3 1 0
keeper/internal/infra/tui/views/secret_view.go:43.2,43.31 1 0
keeper/internal/infra/tui/views/secret_view.go:43.31,45.3 1 0
keeper/internal/infra/tui/views/secret_view.go:46.2,46.12 1 0
keeper/internal/infra/tui/views/secret_view.go:49.36,50.21 1 0
keeper/internal/infra/tui/views/secret_view.go:50.21,52.3 1 0
keeper/internal/infra/tui/views/secret_view.go:54.2,63.23 7 0
keeper/internal/infra/tui/views/secret_view.go:64.32,66.17 2 0
keeper/internal/infra/tui/views/secret_view.go:66.17,68.4 1 0
keeper/internal/infra/tui/views/secret_view.go:69.3,70.84 2 0
keeper/internal/infra/tui/views/secret_view.go:71.28,73.17 2 0
keeper/internal/infra/tui/views/secret_view.go:73.17,75.4 1 0
keeper/internal/infra/tui/views/secret_view.go:76.3,76.77 1 0
keeper/internal/infra/tui/views/secret_view.go:77.28,79.17 2 0
keeper/internal/infra/tui/views/secret_view.go:79.17,81.4 1 0
keeper/internal/infra/tui/views/secret_view.go:82.3,87.20 6 0
keeper/internal/infra/tui/views/secret_view.go:88.28,90.17 2 0
keeper/internal/infra/tui/views/secret_view.go:90.17,92.4 1 0
keeper/internal/infra/tui/views/secret_view.go:93.3,99.17 7 0
keeper/internal/infra/tui/views/secret_view.go:99.17,101.4 1 0
keeper/internal/infra/tui/views/secret_view.go:102.3,103.20 2 0
keeper/internal/infra/tui/views/secret_view.go:106.2,116.19 8 0
keeper/internal/infra/tui/views/secrets_list.go:32.51,74.2 14 0
keeper/internal/infra/tui/views/secrets_list.go:76.41,78.2 1 0
keeper/internal/infra/tui/views/secrets_list.go:80.67,81.24 1 0
keeper/internal/infra/tui/views/secrets_list.go:81.24,83.17 2 0
keeper/internal/infra/tui/views/secrets_list.go:83.17,86.4 2 0
keeper/internal/infra/tui/views/secrets_list.go:88.3,89.31 2 0
keeper/internal/infra/tui/views/secrets_list.go:89.31,91.4 1 0
keeper/internal/infra/tui/views/secrets_list.go:92.3,93.12 2 0
keeper/internal/infra/tui/views/secrets_list.go:97.54,98.27 1 0
keeper/internal/infra/tui/views/secrets_list.go:99.18,100.23 1 0
keeper/internal/infra/tui/views/secrets_list.go:101.24,102.19 1 0
keeper/internal/infra/tui/views/secrets_list.go:103.16,105.50 2 0
keeper/internal/infra/tui/views/secrets_list.go:105.50,107.19 2 0
keeper/internal/infra/tui/views/secrets_list.go:107.19,109.6 1 0
keeper/internal/infra/tui/views/secrets_list.go:110.5,110.85 1 0
keeper/internal/infra/tui/views/secrets_list.go:113.41,119.95 3 0
keeper/internal/infra/tui/views/secrets_list.go:119.95,121.5 1 0
keeper/internal/infra/tui/views/secrets_list.go:124.4,124.111 1 0
keeper/internal/infra/tui/views/secrets_list.go:124.111,126.5 1 0
keeper/internal/infra/tui/views/secrets_list.go:129.4,129.13 1 0
keeper/internal/infra/tui/views/secrets_list.go:129.13,130.25 1 0
keeper/internal/infra/tui/views/secrets_list.go:130.25,132.6 1 0
keeper/internal/infra/tui/views/secrets_list.go:132.11,134.6 1 0
keeper/internal/infra/tui/views/secrets_list.go:136.5,136.34 1 0
keeper/internal/infra/tui/views/secrets_list.go:136.34,138.6 1 0
keeper/internal/infra/tui/views/secrets_list.go:138.11,138.32 1 0
keeper/internal/infra/tui/views/secrets_list.go:138.32,140.6 1 0
keeper/internal/infra/tui/views/secrets_list.go:143.4,144.40 2 0
keeper/internal/infra/tui/views/secrets_list.go:144.40,149.5 3 0
keeper/internal/infra/tui/views/secrets_list.go:149.10,154.5 3 0
keeper/internal/infra/tui/views/secrets_list.go:156.4,156.36 1 0
keeper/internal/infra/tui/views/secrets_list.go:156.36,161.5 3 0
keeper/internal/infra/tui/views/secrets_list.go:161.10,165.5 2 0
keeper/internal/infra/tui/views/secrets_list.go:167.4,167.14 1 0
keeper/internal/infra/tui/views/secrets_list.go:168.11,169.40 1 0
keeper/internal/infra/tui/views/secrets_list.go:169.40,176.5 3 0
keeper/internal/infra/tui/views/secrets_list.go:178.4,178.27 1 0
keeper/internal/infra/tui/views/secrets_list.go:178.27,180.5 1 0
keeper/internal/infra/tui/views/secrets_list.go:182.4,182.27 1 0
keeper/internal/infra/tui/views/secrets_list.go:182.27,184.19 2 0
keeper/internal/infra/tui/views/secrets_list.go:184.19,186.20 2 0
keeper/internal/infra/tui/views/secrets_list.go:186.20,188.7 1 0
keeper/internal/infra/tui/views/secrets_list.go:189.6,189.38 1 0
keeper/internal/infra/tui/views/secrets_list.go:190.36,191.91 1 0
keeper/internal/infra/tui/views/secrets_list.go:192.32,193.87 1 0
keeper/internal/infra/tui/views/secrets_list.go:194.32,195.87 1 0
keeper/internal/infra/tui/views/secrets_list.go:196.32,197.87 1 0
keeper/internal/infra/tui/views/secrets_list.go:206.2,206.12 1 0
keeper/internal/infra/tui/views/secrets_list.go:209.40,230.2 13 0
keeper/internal/infra/tui/views/shared.go:59.53,60.24 1 0
keeper/internal/infra/tui/views/shared.go:60.24,63.3 2 0
keeper/internal/infra/tui/views/shared.go:71.62,76.2 1 0
keeper/internal/infra/tui/views/shared.go:78.35,78.59 1 0
keeper/internal/infra/tui/views/shared.go:80.38,82.2 1 0
keeper/internal/infra/tui/views/shared.go:84.37,86.2 1 0
keeper/internal/infra/tui/views/shared.go:88.58,89.24 1 0
keeper/internal/infra/tui/views/shared.go:89.24,91.3 1 0
keeper/internal/infra/tui/views/signup.go:21.47,24.24 2 0
keeper/internal/infra/tui/views/signup.go:24.24,29.12 4 0
keeper/internal/infra/tui/views/signup.go:30.10,35.20 5 0
keeper/internal/infra/tui/views/signup.go:36.10,39.27 3 0
keeper/internal/infra/tui/views/signup.go:40.10,43.27 3 0
keeper/internal/infra/tui/views/signup.go:46.3,46.16 1 0
keeper/internal/infra/tui/views/signup.go:48.2,52.3 1 0
keeper/internal/infra/tui/views/signup.go:55.70,56.24 1 0
keeper/internal/infra/tui/views/signup.go:56.24,58.17 2 0
keeper/internal/infra/tui/views/signup.go:58.17,61.4 2 0
keeper/internal/infra/tui/views/signup.go:62.3,62.67 1 0
keeper/internal/infra/tui/views/signup.go:66.50,67.27 1 0
keeper/internal/infra/tui/views/signup.go:68.18,70.23 1 0
keeper/internal/infra/tui/views/signup.go:71.24,72.19 1 0
keeper/internal/infra/tui/views/signup.go:75.50,79.99 2 0
keeper/internal/infra/tui/views/signup.go:79.99,81.5 1 0
keeper/internal/infra/tui/views/signup.go:82.4,82.99 1 0
keeper/internal/infra/tui/views/signup.go:82.99,84.5 1 0
keeper/internal/infra/tui/views/signup.go:87.4,87.37 1 0
keeper/internal/infra/tui/views/signup.go:87.37,89.5 1 0
keeper/internal/infra/tui/views/signup.go:89.10,91.5 1 0
keeper/internal/infra/tui/views/signup.go:93.4,93.36 1 0
keeper/internal/infra/tui/views/signup.go:93.36,95.5 1 0
keeper/internal/infra/tui/views/signup.go:95.10,95.31 1 0
keeper/internal/infra/tui/views/signup.go:95.31,97.5 1 0
keeper/internal/infra/tui/views/signup.go:99.4,100.42 2 0
keeper/internal/infra/tui/views/signup.go:100.42,101.26 1 0
keeper/internal/infra/tui/views/signup.go:101.26,106.14 4 0
keeper/internal/infra/tui/views/signup.go:109.5,111.36 3 0
keeper/internal/infra/tui/views/signup.go:114.4,114.29 1 0
keeper/internal/infra/tui/views/signup.go:119.2,121.12 2 0
keeper/internal/infra/tui/views/signup.go:124.56,129.26 2 0
keeper/internal/infra/tui/views/signup.go:129.26,131.3 1 0
keeper/internal/infra/tui/views/signup.go:133.2,133.27 1 0
keeper/internal/infra/tui/views/signup.go:136.36,142.26 5 0
keeper/internal/infra/tui/views/signup.go:142.26,144.26 2 0
keeper/internal/infra/tui/views/signup.go:144.26,146.4 1 0
keeper/internal/infra/tui/views/signup.go:149.2,150.35 2 0
keeper/internal/infra/tui/views/signup.go:150.35,152.3 1 0
keeper/internal/infra/tui/views/signup.go:153.2,157.19 3 0
keeper/internal/infra/tui/views/upsert_card.go:41.42,43.19 1 0
keeper/internal/infra/tui/views/upsert_card.go:43.19,45.3 1 0
keeper/internal/infra/tui/views/upsert_card.go:47.2,47.19 1 0
keeper/internal/infra/tui/views/upsert_card.go:47.19,49.3 1 0
keeper/internal/infra/tui/views/upsert_card.go:51.2,54.12 3 0
keeper/internal/infra/tui/views/upsert_card.go:57.35,60.47 1 0
keeper/internal/infra/tui/views/upsert_card.go:60.47,62.3 1 0
keeper/internal/infra/tui/views/upsert_card.go:64.2,65.28 2 0
keeper/internal/infra/tui/views/upsert_card.go:65.28,67.13 2 0
keeper/internal/infra/tui/views/upsert_card.go:67.13,69.4 1 0
keeper/internal/infra/tui/views/upsert_card.go:70.3,71.17 2 0
keeper/internal/infra/tui/views/upsert_card.go:71.17,73.4 1 0
keeper/internal/infra/tui/views/upsert_card.go:76.2,76.12 1 0
keeper/internal/infra/tui/views/upsert_card.go:79.35,81.17 1 0
keeper/internal/infra/tui/views/upsert_card.go:81.17,83.3 1 0
keeper/internal/infra/tui/views/upsert_card.go:85.2,86.16 2 0
keeper/internal/infra/tui/views/upsert_card.go:86.16,88.3 1 0
keeper/internal/infra/tui/views/upsert_card.go:89.2,89.12 1 0
keeper/internal/infra/tui/views/upsert_card.go:92.55,170.2 47 0
keeper/internal/infra/tui/views/upsert_card.go:172.56,173.24 1 0
keeper/internal/infra/tui/views/upsert_card.go:173.24,174.22 1 0
keeper/internal/infra/tui/views/upsert_card.go:174.22,176.4 1 0
keeper/internal/infra/tui/views/upsert_card.go:177.3,179.17 3 0
keeper/internal/infra/tui/views/upsert_card.go:179.17,182.4 2 0
keeper/internal/infra/tui/views/upsert_card.go:183.3,184.17 2 0
keeper/internal/infra/tui/views/upsert_card.go:184.17,187.4 2 0
keeper/internal/infra/tui/views/upsert_card.go:189.3,198.12 9 0
keeper/internal/infra/tui/views/upsert_card.go:202.122,203.24 1 0
keeper/internal/infra/tui/views/upsert_card.go:203.24,206.17 3 0
keeper/internal/infra/tui/views/upsert_card.go:206.17,209.4 2 0
keeper/internal/infra/tui/views/upsert_card.go:211.3,211.24 1 0
keeper/internal/infra/tui/views/upsert_card.go:211.24,213.4 1 0
keeper/internal/infra/tui/views/upsert_card.go:213.9,215.4 1 0
keeper/internal/infra/tui/views/upsert_card.go:216.3,216.17 1 0
keeper/internal/infra/tui/views/upsert_card.go:216.17,219.4 2 0
keeper/internal/infra/tui/views/upsert_card.go:220.3,221.69 2 0
keeper/internal/infra/tui/views/upsert_card.go:225.54,226.27 1 0
keeper/internal/infra/tui/views/upsert_card.go:227.18,228.23 1 0
keeper/internal/infra/tui/views/upsert_card.go:229.24,230.67 1 0
keeper/internal/infra/tui/views/upsert_card.go:232.50,236.51 2 0
keeper/internal/infra/tui/views/upsert_card.go:236.51,238.5 1 0
keeper/internal/infra/tui/views/upsert_card.go:240.4,240.53 1 0
keeper/internal/infra/tui/views/upsert_card.go:240.53,242.5 1 0
keeper/internal/infra/tui/views/upsert_card.go:243.4,243.53 1 0
keeper/internal/infra/tui/views/upsert_card.go:243.53,245.34 2 0
keeper/internal/infra/tui/views/upsert_card.go:245.34,247.6 1 0
keeper/internal/infra/tui/views/upsert_card.go:248.5,248.33 1 0
keeper/internal/infra/tui/views/upsert_card.go:248.33,251.6 2 0
keeper/internal/infra/tui/views/upsert_card.go:252.5,252.33 1 0
keeper/internal/infra/tui/views/upsert_card.go:252.33,255.6 2 0
keeper/internal/infra/tui/views/upsert_card.go:256.5,256.31 1 0
keeper/internal/infra/tui/views/upsert_card.go:256.31,259.6 2 0
keeper/internal/infra/tui/views/upsert_card.go:260.5,260.30 1 0
keeper/internal/infra/tui/views/upsert_card.go:260.30,263.6 2 0
keeper/internal/infra/tui/views/upsert_card.go:264.5,264.22 1 0
keeper/internal/infra/tui/views/upsert_card.go:264.22,266.6 1 0
keeper/internal/infra/tui/views/upsert_card.go:269.5,272.19 3 0
keeper/internal/infra/tui/views/upsert_card.go:272.19,274.6 1 0
keeper/internal/infra/tui/views/upsert_card.go:275.5,276.19 2 0
keeper/internal/infra/tui/views/upsert_card.go:276.19,278.6 1 0
keeper/internal/infra/tui/views/upsert_card.go:279.5,280.19 2 0
keeper/internal/infra/tui/views/upsert_card.go:280.19,282.6 1 0
keeper/internal/infra/tui/views/upsert_card.go:283.5,291.6 1 0
keeper/internal/infra/tui/views/upsert_card.go:295.4,295.37 1 0
keeper/internal/infra/tui/views/upsert_card.go:295.37,297.5 1 0
keeper/internal/infra/tui/views/upsert_card.go:297.10,299.5 1 0
keeper/internal/infra/tui/views/upsert_card.go:301.4,301.33 1 0
keeper/internal/infra/tui/views/upsert_card.go:301.33,303.5 1 0
keeper/internal/infra/tui/views/upsert_card.go:303.10,303.31 1 0
keeper/internal/infra/tui/views/upsert_card.go:303.31,305.5 1 0
keeper/internal/infra/tui/views/upsert_card.go:307.4,309.35 2 0
keeper/internal/infra/tui/views/upsert_card.go:309.35,313.5 3 0
keeper/internal/infra/tui/views/upsert_card.go:313.10,317.5 3 0
keeper/internal/infra/tui/views/upsert_card.go:320.4,320.37 1 0
keeper/internal/infra/tui/views/upsert_card.go:320.37,324.5 3 0
keeper/internal/infra/tui/views/upsert_card.go:324.10,328.5 3 0
keeper/internal/infra/tui/views/upsert_card.go:331.4,331.37 1 0
keeper/internal/infra/tui/views/upsert_card.go:331.37,335.5 3 0
keeper/internal/infra/tui/views/upsert_card.go:335.10,339.5 3 0
keeper/internal/infra/tui/views/upsert_card.go:342.4,342.35 1 0
keeper/internal/infra/tui/views/upsert_card.go:342.35,346.5 3 0
keeper/internal/infra/tui/views/upsert_card.go:346.10,350.5 3 0
keeper/internal/infra/tui/views/upsert_card.go:353.4,353.34 1 0
keeper/internal/infra/tui/views/upsert_card.go:353.34,357.5 3 0
keeper/internal/infra/tui/views/upsert_card.go:357.10,361.5 3 0
keeper/internal/infra/tui/views/upsert_card.go:364.4,364.35 1 0
keeper/internal/infra/tui/views/upsert_card.go:364.35,366.5 1 0
keeper/internal/infra/tui/views/upsert_card.go:366.10,368.5 1 0
keeper/internal/infra/tui/views/upsert_card.go:370.4,370.14 1 0
keeper/internal/infra/tui/views/upsert_card.go:373.3,373.29 1 0
keeper/internal/infra/tui/views/upsert_card.go:375.2,375.12 1 0
keeper/internal/infra/tui/views/upsert_card.go:378.60,390.2 8 0
keeper/internal/infra/tui/views/upsert_card.go:392.40,395.23 3 0
keeper/internal/infra/tui/views/upsert_card.go:395.23,397.3 1 0
keeper/internal/infra/tui/views/upsert_card.go:398.2,425.35 21 0
keeper/internal/infra/tui/views/upsert_card.go:425.35,427.3 1 0
keeper/internal/infra/tui/views/upsert_card.go:428.2,433.35 4 0
keeper/internal/infra/tui/views/upsert_card.go:433.35,435.3 1 0
keeper/internal/infra/tui/views/upsert_card.go:436.2,443.19 5 0
keeper/internal/infra/tui/views/upsert_note.go:34.55,73.2 17 0
keeper/internal/infra/tui/views/upsert_note.go:75.56,76.24 1 0
keeper/internal/infra/tui/views/upsert_note.go:76.24,77.22 1 0
keeper/internal/infra/tui/views/upsert_note.go:77.22,79.4 1 0
keeper/internal/infra/tui/views/upsert_note.go:80.3,82.17 3 0
keeper/internal/infra/tui/views/upsert_note.go:82.17,85.4 2 0
keeper/internal/infra/tui/views/upsert_note.go:86.3,87.17 2 0
keeper/internal/infra/tui/views/upsert_note.go:87.17,90.4 2 0
keeper/internal/infra/tui/views/upsert_note.go:92.3,97.12 6 0
keeper/internal/infra/tui/views/upsert_note.go:101.75,102.24 1 0
keeper/internal/infra/tui/views/upsert_note.go:102.24,105.17 3 0
keeper/internal/infra/tui/views/upsert_note.go:105.17,108.4 2 0
keeper/internal/infra/tui/views/upsert_note.go:110.3,110.24 1 0
keeper/internal/infra/tui/views/upsert_note.go:110.24,112.4 1 0
keeper/internal/infra/tui/views/upsert_note.go:112.9,114.4 1 0
keeper/internal/infra/tui/views/upsert_note.go:115.3,115.17 1 0
keeper/internal/infra/tui/views/upsert_note.go:115.17,118.4 2 0
keeper/internal/infra/tui/views/upsert_note.go:119.3,120.69 2 0
keeper/internal/infra/tui/views/upsert_note.go:124.54,125.27 1 0
keeper/internal/infra/tui/views/upsert_note.go:126.18,127.23 1 0
keeper/internal/infra/tui/views/upsert_note.go:128.24,129.67 1 0
keeper/internal/infra/tui/views/upsert_note.go:131.50,135.84 2 0
keeper/internal/infra/tui/views/upsert_note.go:135.84,137.5 1 0
keeper/internal/infra/tui/views/upsert_note.go:139.4,139.53 1 0
keeper/internal/infra/tui/views/upsert_note.go:139.53,141.5 1 0
keeper/internal/infra/tui/views/upsert_note.go:142.4,142.53 1 0
keeper/internal/infra/tui/views/upsert_note.go:142.53,143.63 1 0
keeper/internal/infra/tui/views/upsert_note.go:143.63,145.6 1 0
keeper/internal/infra/tui/views/upsert_note.go:146.5,150.6 1 0
keeper/internal/infra/tui/views/upsert_note.go:154.4,154.37 1 0
keeper/internal/infra/tui/views/upsert_note.go:154.37,156.5 1 0
keeper/internal/infra/tui/views/upsert_note.go:156.10,158.5 1 0
keeper/internal/infra/tui/views/upsert_note.go:160.4,160.33 1 0
keeper/internal/infra/tui/views/upsert_note.go:160.33,162.5 1 0
keeper/internal/infra/tui/views/upsert_note.go:162.10,162.31 1 0
keeper/internal/infra/tui/views/upsert_note.go:162.31,164.5 1 0
keeper/internal/infra/tui/views/upsert_note.go:166.4,168.35 2 0
keeper/internal/infra/tui/views/upsert_note.go:168.35,172.5 3 0
keeper/internal/infra/tui/views/upsert_note.go:172.10,176.5 3 0
keeper/internal/infra/tui/views/upsert_note.go:178.4,178.35 1 0
keeper/internal/infra/tui/views/upsert_note.go:178.35,182.5 1 0
keeper/internal/infra/tui/views/upsert_note.go:182.10,186.5 1 0
keeper/internal/infra/tui/views/upsert_note.go:188.4,188.35 1 0
keeper/internal/infra/tui/views/upsert_note.go:188.35,190.5 1 0
keeper/internal/infra/tui/views/upsert_note.go:190.10,192.5 1 0
keeper/internal/infra/tui/views/upsert_note.go:194.4,194.14 1 0
keeper/internal/infra/tui/views/upsert_note.go:197.3,197.29 1 0
keeper/internal/infra/tui/views/upsert_note.go:199.2,199.12 1 0
keeper/internal/infra/tui/views/upsert_note.go:202.60,210.2 5 0
keeper/internal/infra/tui/views/upsert_note.go:212.40,215.23 3 0
keeper/internal/infra/tui/views/upsert_note.go:215.23,217.3 1 0
keeper/internal/infra/tui/views/upsert_note.go:218.2,236.35 13 0
keeper/internal/infra/tui/views/upsert_note.go:236.35,238.3 1 0
keeper/internal/infra/tui/views/upsert_note.go:239.2,244.35 4 0
keeper/internal/infra/tui/views/upsert_note.go:244.35,246.3 1 0
keeper/internal/infra/tui/views/upsert_note.go:247.2,254.19 5 0
keeper/internal/infra/tui/views/upsert_pwd.go:36.53,91.2 29 0
keeper/internal/infra/tui/views/upsert_pwd.go:93.55,94.24 1 0
keeper/internal/infra/tui/views/upsert_pwd.go:94.24,95.22 1 0
keeper/internal/infra/tui/views/upsert_pwd.go:95.22,97.4 1 0
keeper/internal/infra/tui/views/upsert_pwd.go:98.3,100.17 3 0
keeper/internal/infra/tui/views/upsert_pwd.go:100.17,103.4 2 0
keeper/internal/infra/tui/views/upsert_pwd.go:104.3,105.17 2 0
keeper/internal/infra/tui/views/upsert_pwd.go:105.17,108.4 2 0
keeper/internal/infra/tui/views/upsert_pwd.go:110.3,116.12 7 0
keeper/internal/infra/tui/views/upsert_pwd.go:120.82,121.24 1 0
keeper/internal/infra/tui/views/upsert_pwd.go:121.24,124.17 3 0
keeper/internal/infra/tui/views/upsert_pwd.go:124.17,127.4 2 0
keeper/internal/infra/tui/views/upsert_pwd.go:129.3,129.24 1 0
keeper/internal/infra/tui/views/upsert_pwd.go:129.24,131.4 1 0
keeper/internal/infra/tui/views/upsert_pwd.go:131.9,133.4 1 0
keeper/internal/infra/tui/views/upsert_pwd.go:134.3,134.17 1 0
keeper/internal/infra/tui/views/upsert_pwd.go:134.17,137.4 2 0
keeper/internal/infra/tui/views/upsert_pwd.go:138.3,139.69 2 0
keeper/internal/infra/tui/views/upsert_pwd.go:143.53,144.27 1 0
keeper/internal/infra/tui/views/upsert_pwd.go:145.18,146.23 1 0
keeper/internal/infra/tui/views/upsert_pwd.go:147.24,148.67 1 0
keeper/internal/infra/tui/views/upsert_pwd.go:150.50,154.51 2 0
keeper/internal/infra/tui/views/upsert_pwd.go:154.51,156.5 1 0
keeper/internal/infra/tui/views/upsert_pwd.go:158.4,158.53 1 0
keeper/internal/infra/tui/views/upsert_pwd.go:158.53,160.5 1 0
keeper/internal/infra/tui/views/upsert_pwd.go:161.4,161.53 1 0
keeper/internal/infra/tui/views/upsert_pwd.go:161.53,162.62 1 0
keeper/internal/infra/tui/views/upsert_pwd.go:162.62,164.6 1 0
keeper/internal/infra/tui/views/upsert_pwd.go:165.5,170.6 1 0
keeper/internal/infra/tui/views/upsert_pwd.go:174.4,174.37 1 0
keeper/internal/infra/tui/views/upsert_pwd.go:174.37,176.5 1 0
keeper/internal/infra/tui/views/upsert_pwd.go:176.10,178.5 1 0
keeper/internal/infra/tui/views/upsert_pwd.go:180.4,180.33 1 0
keeper/internal/infra/tui/views/upsert_pwd.go:180.33,182.5 1 0
keeper/internal/infra/tui/views/upsert_pwd.go:182.10,182.31 1 0
keeper/internal/infra/tui/views/upsert_pwd.go:182.31,184.5 1 0
keeper/internal/infra/tui/views/upsert_pwd.go:186.4,188.35 2 0
keeper/internal/infra/tui/views/upsert_pwd.go:188.35,192.5 3 0
keeper/internal/infra/tui/views/upsert_pwd.go:192.10,196.5 3 0
keeper/internal/infra/tui/views/upsert_pwd.go:198.4,198.36 1 0
keeper/internal/infra/tui/views/upsert_pwd.go:198.36,202.5 3 0
keeper/internal/infra/tui/views/upsert_pwd.go:202.10,206.5 3 0
keeper/internal/infra/tui/views/upsert_pwd.go:208.4,208.34 1 0
keeper/internal/infra/tui/views/upsert_pwd.go:208.34,212.5 3 0
keeper/internal/infra/tui/views/upsert_pwd.go:212.10,216.5 3 0
keeper/internal/infra/tui/views/upsert_pwd.go:218.4,218.35 1 0
keeper/internal/infra/tui/views/upsert_pwd.go:218.35,220.5 1 0
keeper/internal/infra/tui/views/upsert_pwd.go:220.10,222.5 1 0
keeper/internal/infra/tui/views/upsert_pwd.go:224.4,224.14 1 0
keeper/internal/infra/tui/views/upsert_pwd.go:227.3,227.29 1 0
keeper/internal/infra/tui/views/upsert_pwd.go:229.2,229.12 1 0
keeper/internal/infra/tui/views/upsert_pwd.go:232.59,241.2 6 0
keeper/internal/infra/tui/views/upsert_pwd.go:243.39,246.23 3 0
keeper/internal/infra/tui/views/upsert_pwd.go:246.23,248.3 1 0
keeper/internal/infra/tui/views/upsert_pwd.go:249.2,269.35 14 0
keeper/internal/infra/tui/views/upsert_pwd.go:269.35,271.3 1 0
keeper/internal/infra/tui/views/upsert_pwd.go:272.2,277.35 4 0
keeper/internal/infra/tui/views/upsert_pwd.go:277.35,279.3 1 0
keeper/internal/infra/tui/views/upsert_pwd.go:280.2,287.19 5 0
keeper/internal/logger/logger.go:9.37,11.16 2 0
keeper/internal/logger/logger.go:11.16,13.3 1 0
keeper/internal/logger/logger.go:15.2,19.16 4 0
keeper/internal/logger/logger.go:19.16,21.3 1 0
keeper/internal/logger/logger.go:23.2,24.12 2 0
keeper/internal/retrier/retry.go:13.87,19.6 5 0
keeper/internal/retrier/retry.go:19.6,20.10 1 0
keeper/internal/retrier/retry.go:21.21,22.20 1 0
keeper/internal/retrier/retry.go:23.22,24.11 1 0
keeper/internal/retrier/retry.go:24.11,26.5 1 0
keeper/internal/retrier/retry.go:28.4,28.39 1 0
keeper/internal/retrier/retry.go:28.39,30.5 1 0
keeper/internal/retrier/retry.go:32.4,32.30 1 0
keeper/internal/retrier/retry.go:32.30,34.5 1 0
keeper/internal/retrier/retry.go:35.4,35.49 1 0
keeper/internal/retrier/retry.go:35.49,37.5 1 0
keeper/internal/retrier/retry.go:38.4,38.13 1 0
keeper/internal/retrier/retry.go:43.47,44.25 1 0
keeper/internal/retrier/retry.go:44.25,45.24 1 0
keeper/internal/retrier/retry.go:45.24,47.4 1 0
keeper/internal/retrier/retry.go:49.2,49.14 1 0
keeper/internal/retrier/strategy.go:11.100,12.49 1 0
keeper/internal/retrier/strategy.go:12.49,14.13 2 0
keeper/internal/retrier/strategy.go:14.13,17.33 2 0
keeper/internal/retrier/strategy.go:17.33,18.12 1 0
keeper/internal/retrier/strategy.go:19.23,20.12 1 0
keeper/internal/retrier/strategy.go:21.27,21.27 0 0
keeper/internal/retrier/strategy.go:24.5,30.22 2 0
keeper/internal/retrier/strategy.go:33.3,33.12 1 0
keeper/internal/retrier/strategy.go:37.57,38.9 1 0
keeper/internal/retrier/strategy.go:39.30,40.9 1 0
keeper/internal/retrier/strategy.go:41.20,42.9 1 0
keeper/internal/infra/s3/minio.go:21.80,26.16 2 0
keeper/internal/infra/s3/minio.go:26.16,28.3 1 0
keeper/internal/infra/s3/minio.go:30.2,31.16 2 0
keeper/internal/infra/s3/minio.go:31.16,33.3 1 0
keeper/internal/infra/s3/minio.go:34.2,34.13 1 0
keeper/internal/infra/s3/minio.go:34.13,37.17 3 0
keeper/internal/infra/s3/minio.go:37.17,39.4 1 0
keeper/internal/infra/s3/minio.go:40.3,40.85 1 0
keeper/internal/infra/s3/minio.go:43.2,43.69 1 0
keeper/internal/infra/s3/minio.go:46.97,47.110 1 0
keeper/internal/infra/s3/minio.go:47.110,49.3 1 0
keeper/internal/infra/s3/minio.go:51.2,51.12 1 0
keeper/internal/infra/s3/minio.go:54.80,56.16 2 0
keeper/internal/infra/s3/minio.go:56.16,58.3 1 0
keeper/internal/infra/s3/minio.go:60.2,60.15 1 0
keeper/internal/infra/s3/minio.go:60.15,61.36 1 0
keeper/internal/infra/s3/minio.go:61.36,63.4 1 0
keeper/internal/infra/s3/minio.go:66.2,67.44 2 0
keeper/internal/infra/s3/minio.go:67.44,69.3 1 0
keeper/internal/infra/s3/minio.go:70.2,70.25 1 0
keeper/internal/infra/api/grpc/client.go:22.64,25.16 3 0
keeper/internal/infra/api/grpc/client.go:25.16,27.3 1 0
keeper/internal/infra/api/grpc/client.go:29.2,35.3 2 0
keeper/internal/infra/api/grpc/client.go:38.26,40.2 1 0
keeper/internal/infra/api/grpc/client.go:42.41,45.2 2 0
keeper/internal/infra/api/grpc/client.go:47.53,50.16 3 0
keeper/internal/infra/api/grpc/client.go:50.16,52.3 1 0
keeper/internal/infra/api/grpc/client.go:53.2,54.12 2 0
keeper/internal/infra/api/grpc/client.go:57.54,59.16 2 0
keeper/internal/infra/api/grpc/client.go:59.16,61.3 1 0
keeper/internal/infra/api/grpc/client.go:63.2,64.12 2 0
keeper/internal/infra/api/grpc/client.go:67.76,69.16 2 0
keeper/internal/infra/api/grpc/client.go:69.16,71.3 1 0
keeper/internal/infra/api/grpc/client.go:72.2,73.30 2 0
keeper/internal/infra/api/grpc/client.go:73.30,76.3 2 0
keeper/internal/infra/api/grpc/client.go:77.2,77.19 1 0
keeper/internal/infra/api/grpc/client.go:80.67,82.16 2 0
keeper/internal/infra/api/grpc/client.go:82.16,84.3 1 0
keeper/internal/infra/api/grpc/client.go:85.2,87.20 3 0
keeper/internal/infra/api/grpc/client.go:90.125,100.16 2 0
keeper/internal/infra/api/grpc/client.go:100.16,102.3 1 0
keeper/internal/infra/api/grpc/client.go:103.2,105.20 3 0
keeper/internal/infra/api/grpc/client.go:108.95,118.16 2 0
keeper/internal/infra/api/grpc/client.go:118.16,120.3 1 0
keeper/internal/infra/api/grpc/client.go:121.2,121.18 1 0
keeper/internal/infra/api/grpc/client.go:124.135,135.16 2 0
keeper/internal/infra/api/grpc/client.go:135.16,137.3 1 0
keeper/internal/infra/api/grpc/client.go:138.2,140.20 3 0
keeper/internal/infra/api/grpc/iam.go:16.91,27.61 4 0
keeper/internal/infra/api/grpc/iam.go:27.61,29.3 1 0
keeper/internal/infra/api/grpc/iam.go:30.2,30.16 1 0
keeper/internal/infra/api/grpc/iam.go:30.16,33.3 2 0
keeper/internal/infra/api/grpc/iam.go:35.2,35.37 1 0
keeper/internal/infra/api/grpc/iam.go:38.93,49.61 4 0
keeper/internal/infra/api/grpc/iam.go:49.61,51.3 1 0
keeper/internal/infra/api/grpc/iam.go:52.2,52.16 1 0
keeper/internal/infra/api/grpc/iam.go:52.16,55.3 2 0
keeper/internal/infra/api/grpc/iam.go:57.2,57.37 1 0
keeper/internal/infra/api/grpc/server.go:35.137,38.25 1 0
keeper/internal/infra/api/grpc/server.go:38.25,40.96 2 0
keeper/internal/infra/api/grpc/server.go:40.96,42.4 1 0
keeper/internal/infra/api/grpc/server.go:43.3,44.10 2 0
keeper/internal/infra/api/grpc/server.go:44.10,47.4 2 0
keeper/internal/infra/api/grpc/server.go:49.3,50.22 2 0
keeper/internal/infra/api/grpc/server.go:50.22,53.4 2 0
keeper/internal/infra/api/grpc/server.go:55.3,56.17 2 0
keeper/internal/infra/api/grpc/server.go:56.17,59.4 2 0
keeper/internal/infra/api/grpc/server.go:61.3,64.27 3 0
keeper/internal/infra/api/grpc/server.go:72.17,84.2 4 0
keeper/internal/infra/api/grpc/server.go:87.50,90.16 3 0
keeper/internal/infra/api/grpc/server.go:90.16,92.3 1 0
keeper/internal/infra/api/grpc/server.go:94.2,94.28 1 0
keeper/internal/infra/api/grpc/server.go:98.60,103.2 4 0
keeper/internal/infra/api/grpc/server.go:105.103,107.9 2 0
keeper/internal/infra/api/grpc/server.go:107.9,110.3 2 0
keeper/internal/infra/api/grpc/server.go:112.2,126.16 4 0
keeper/internal/infra/api/grpc/server.go:126.16,128.3 1 0
keeper/internal/infra/api/grpc/server.go:130.2,131.35 2 0
keeper/internal/infra/api/grpc/server.go:131.35,134.3 2 0
keeper/internal/infra/api/grpc/server.go:135.2,136.23 2 0
keeper/internal/infra/api/grpc/server.go:139.97,141.9 2 0
keeper/internal/infra/api/grpc/server.go:141.9,144.3 2 0
keeper/internal/infra/api/grpc/server.go:146.2,161.61 4 0
keeper/internal/infra/api/grpc/server.go:161.61,163.3 1 0
keeper/internal/infra/api/grpc/server.go:164.2,164.16 1 0
keeper/internal/infra/api/grpc/server.go:164.16,167.3 2 0
keeper/internal/infra/api/grpc/server.go:169.2,176.23 2 0
keeper/internal/infra/api/grpc/server.go:179.106,181.9 2 0
keeper/internal/infra/api/grpc/server.go:181.9,184.3 2 0
keeper/internal/infra/api/grpc/server.go:186.2,203.16 4 0
keeper/internal/infra/api/grpc/server.go:203.16,205.3 1 0
keeper/internal/infra/api/grpc/server.go:207.2,214.23 2 0
keeper/internal/infra/api/grpc/server.go:217.126,219.9 2 0
keeper/internal/infra/api/grpc/server.go:219.9,222.3 2 0
keeper/internal/infra/api/grpc/server.go:224.2,241.16 4 0
keeper/internal/infra/api/grpc/server.go:241.16,243.3 1 0
keeper/internal/infra/api/grpc/server.go:245.2,251.23 2 0
keeper/internal/infra/api/grpc/server.go:254.106,256.9 2 0
keeper/internal/infra/api/grpc/server.go:256.9,259.3 2 0
keeper/internal/infra/api/grpc/server.go:261.2,279.16 4 0
keeper/internal/infra/api/grpc/server.go:279.16,281.3 1 0
keeper/internal/infra/api/grpc/server.go:283.2,290.23 2 0
keeper/internal/infra/api/grpc/shared.go:8.59,10.11 2 0
keeper/internal/infra/api/grpc/shared.go:11.32,12.30 1 0
keeper/internal/infra/api/grpc/shared.go:13.28,14.26 1 0
keeper/internal/infra/api/grpc/shared.go:15.28,16.26 1 0
keeper/internal/infra/api/grpc/shared.go:17.28,18.26 1 0
keeper/internal/infra/api/grpc/shared.go:20.2,20.11 1 0
keeper/internal/infra/api/grpc/shared.go:23.59,25.11 2 0
keeper/internal/infra/api/grpc/shared.go:26.30,27.32 1 0
keeper/internal/infra/api/grpc/shared.go:28.26,29.28 1 0
keeper/internal/infra/api/grpc/shared.go:30.26,31.28 1 0
keeper/internal/infra/api/grpc/shared.go:32.26,33.28 1 0
keeper/internal/infra/api/grpc/shared.go:35.2,35.11 1 0
keeper/internal/infra/tui/model.go:25.32,27.2 1 0
keeper/internal/infra/tui/model.go:45.34,62.2 2 0
keeper/internal/infra/tui/model.go:64.31,66.2 1 0
keeper/internal/infra/tui/model.go:68.57,70.27 2 0
keeper/internal/infra/tui/model.go:71.27,72.32 1 0
keeper/internal/infra/tui/model.go:73.22,75.36 2 0
keeper/internal/infra/tui/model.go:78.2,81.34 3 0
keeper/internal/infra/tui/model.go:84.30,86.24 2 0
keeper/internal/infra/tui/model.go:86.24,88.3 1 0
keeper/internal/infra/tui/model.go:91.2,97.31 6 0
keeper/internal/infra/tui/model.go:97.31,101.3 3 0
keeper/internal/infra/tui/model.go:103.2,103.19 1 0
keeper/internal/infra/tui/model.go:106.38,107.24 1 0
keeper/internal/infra/tui/model.go:107.24,109.3 1 0
keeper/internal/infra/tui/model.go:110.2,111.31 2 0
keeper/internal/infra/tui/model.go:111.31,112.22 1 0
keeper/internal/infra/tui/model.go:112.22,114.4 1 0
keeper/internal/infra/tui/model.go:116.2,117.24 2 0
keeper/internal/infra/tui/model.go:120.63,123.20 2 0
keeper/internal/infra/tui/model.go:125.25,126.29 1 0
keeper/internal/infra/tui/model.go:128.26,129.30 1 0
keeper/internal/infra/tui/model.go:132.30,134.33 2 0
keeper/internal/infra/tui/model.go:136.30,138.46 2 0
keeper/internal/infra/tui/model.go:141.29,142.33 1 0
keeper/internal/infra/tui/model.go:145.34,147.41 2 0
keeper/internal/infra/tui/model.go:149.30,151.42 2 0
keeper/internal/infra/tui/model.go:153.30,155.42 2 0
keeper/internal/infra/tui/model.go:157.30,159.30 2 0
keeper/internal/infra/tui/model.go:161.2,161.12 1 0
keeper/cmd/key/main.go:18.13,21.40 2 0
keeper/cmd/key/main.go:21.40,23.3 1 0
keeper/cmd/key/main.go:25.2,26.16 2 0
keeper/cmd/key/main.go:26.16,28.3 1 0
keeper/cmd/key/main.go:30.2,36.41 5 0
keeper/cmd/key/main.go:36.41,38.3 1 0
keeper/cmd/key/main.go:38.8,38.44 1 0
keeper/cmd/key/main.go:38.44,40.3 1 0
keeper/cmd/key/main.go:42.2,43.16 2 0
keeper/cmd/key/main.go:43.16,45.3 1 0
keeper/cmd/key/main.go:47.2,48.16 2 0
keeper/cmd/key/main.go:48.16,50.3 1 0
keeper/cmd/key/main.go:52.2,54.16 3 0
keeper/cmd/key/main.go:54.16,56.3 1 0
keeper/cmd/key/main.go:58.2,60.41 3 0
keeper/cmd/server/main.go:25.13,29.16 3 0
keeper/cmd/server/main.go:29.16,31.3 1 0
keeper/cmd/server/main.go:33.2,34.16 2 0
keeper/cmd/server/main.go:34.16,36.3 1 0
keeper/cmd/server/main.go:38.2,39.16 2 0
keeper/cmd/server/main.go:39.16,41.3 1 0
keeper/cmd/server/main.go:43.2,43.38 1 0
keeper/cmd/server/main.go:43.38,45.3 1 0
keeper/cmd/server/main.go:48.57,51.16 3 0
keeper/cmd/server/main.go:51.16,53.3 1 0
keeper/cmd/server/main.go:54.2,64.16 8 0
keeper/cmd/server/main.go:64.16,66.3 1 0
keeper/cmd/server/main.go:68.2,73.16 5 0
keeper/cmd/server/main.go:73.16,75.3 1 0
keeper/cmd/server/main.go:77.2,87.12 6 0
keeper/cmd/server/main.go:87.12,88.53 1 0
keeper/cmd/server/main.go:88.53,90.4 1 0
keeper/cmd/server/main.go:95.2,116.12 8 0
keeper/cmd/tui/main.go:15.13,20.16 4 0
keeper/cmd/tui/main.go:20.16,23.3 2 0
keeper/cmd/tui/main.go:24.2,29.114 4 0
keeper/cmd/tui/main.go:29.114,32.3 2 0
keeper/internal/core/config/config.go:37.35,40.40 2 0
keeper/internal/core/config/config.go:40.40,42.3 1 0
keeper/internal/core/config/config.go:44.2,50.25 6 0
keeper/internal/core/config/config.go:50.25,52.3 1 0
keeper/internal/core/config/config.go:53.2,53.23 1 0
keeper/internal/core/config/config.go:53.23,55.3 1 0
keeper/internal/core/config/config.go:56.2,56.20 1 0
keeper/internal/core/config/config.go:56.20,58.3 1 0
keeper/internal/core/config/config.go:60.2,60.18 1 0
keeper/internal/core/encryption/encryption_manager.go:18.50,19.16 1 0
keeper/internal/core/encryption/encryption_manager.go:19.16,21.3 1 0
keeper/internal/core/encryption/encryption_manager.go:23.2,24.16 2 0
keeper/internal/core/encryption/encryption_manager.go:24.16,26.3 1 0
keeper/internal/core/encryption/encryption_manager.go:28.2,28.18 1 0
keeper/internal/core/encryption/encryption_manager.go:32.123,35.16 3 0
keeper/internal/core/encryption/encryption_manager.go:35.16,37.3 1 0
keeper/internal/core/encryption/encryption_manager.go:39.2,40.16 2 0
keeper/internal/core/encryption/encryption_manager.go:40.16,42.3 1 0
keeper/internal/core/encryption/encryption_manager.go:44.2,45.16 2 0
keeper/internal/core/encryption/encryption_manager.go:45.16,47.3 1 0
keeper/internal/core/encryption/encryption_manager.go:49.2,50.22 2 0
keeper/internal/core/encryption/encryption_manager.go:54.78,56.16 2 0
keeper/internal/core/encryption/encryption_manager.go:56.16,58.3 1 0
keeper/internal/core/encryption/encryption_manager.go:60.2,61.16 2 0
keeper/internal/core/encryption/encryption_manager.go:61.16,63.3 1 0
keeper/internal/core/encryption/encryption_manager.go:65.2,67.16 3 0
keeper/internal/core/encryption/encryption_manager.go:67.16,69.3 1 0
keeper/internal/core/encryption/encryption_manager.go:71.2,71.45 1 0
keeper/internal/core/encryption/encryption_manager.go:75.95,77.16 2 0
keeper/internal/core/encryption/encryption_manager.go:77.16,79.3 1 0
keeper/internal/core/encryption/encryption_manager.go:81.2,82.16 2 0
keeper/internal/core/encryption/encryption_manager.go:82.16,84.3 1 0
keeper/internal/core/encryption/encryption_manager.go:86.2,87.16 2 0
keeper/internal/core/encryption/encryption_manager.go:87.16,89.3 1 0
keeper/internal/core/encryption/encryption_manager.go:91.2,91.23 1 0
keeper/internal/core/encryption/private_key.go:20.43,22.16 2 0
keeper/internal/core/encryption/private_key.go:22.16,24.3 1 0
keeper/internal/core/encryption/private_key.go:26.2,26.35 1 0
keeper/internal/core/encryption/private_key.go:29.63,30.16 1 0
keeper/internal/core/encryption/private_key.go:30.16,32.3 1 0
keeper/internal/core/encryption/private_key.go:34.2,35.16 2 0
keeper/internal/core/encryption/private_key.go:35.16,37.3 1 0
keeper/internal/core/encryption/private_key.go:39.2,39.29 1 0
keeper/internal/core/encryption/private_key.go:42.57,44.18 2 0
keeper/internal/core/encryption/private_key.go:44.18,46.3 1 0
keeper/internal/core/encryption/private_key.go:47.2,48.16 2 0
keeper/internal/core/encryption/private_key.go:48.16,50.3 1 0
keeper/internal/core/encryption/private_key.go:52.2,52.42 1 0
keeper/internal/core/encryption/private_key.go:55.36,62.2 1 0
keeper/internal/core/encryption/private_key.go:64.64,68.19 3 0
keeper/internal/core/encryption/private_key.go:68.19,70.3 1 0
keeper/internal/core/encryption/private_key.go:71.2,74.49 4 0
keeper/internal/core/encryption/private_key.go:74.49,76.20 2 0
keeper/internal/core/encryption/private_key.go:76.20,78.4 1 0
keeper/internal/core/encryption/private_key.go:80.3,81.17 2 0
keeper/internal/core/encryption/private_key.go:81.17,83.4 1 0
keeper/internal/core/encryption/private_key.go:85.3,85.41 1 0
keeper/internal/core/encryption/private_key.go:88.2,88.21 1 0
keeper/internal/core/encryption/private_key.go:91.65,97.49 5 0
keeper/internal/core/encryption/private_key.go:97.49,99.20 2 0
keeper/internal/core/encryption/private_key.go:99.20,101.4 1 0
keeper/internal/core/encryption/private_key.go:103.3,104.17 2 0
keeper/internal/core/encryption/private_key.go:104.17,106.4 1 0
keeper/internal/core/encryption/private_key.go:108.3,108.41 1 0
keeper/internal/core/encryption/private_key.go:111.2,111.21 1 0
keeper/internal/core/encryption/private_key.go:114.49,115.18 1 0
keeper/internal/core/encryption/private_key.go:115.18,117.3 1 0
keeper/internal/core/encryption/private_key.go:118.2,118.25 1 0
keeper/internal/core/encryption/private_key.go:121.87,123.16 2 0
keeper/internal/core/encryption/private_key.go:123.16,125.3 1 0
keeper/internal/core/encryption/private_key.go:127.2,127.15 1 0
keeper/internal/core/encryption/private_key.go:130.89,132.16 2 0
keeper/internal/core/encryption/private_key.go:132.16,134.3 1 0
keeper/internal/core/encryption/private_key.go:136.2,136.15 1 0
keeper/internal/core/encryption/private_key.go:141.47,144.2 1 0
keeper/internal/core/encryption/service.go:17.85,23.2 1 0
keeper/internal/core/encryption/service.go:26.94,28.16 2 0
keeper/internal/core/encryption/service.go:28.16,30.3 1 0
keeper/internal/core/encryption/service.go:32.2,33.16 2 0
keeper/internal/core/encryption/service.go:33.16,35.3 1 0
keeper/internal/core/encryption/service.go:36.2,36.66 1 0
keeper/internal/core/encryption/service.go:40.96,42.16 2 0
keeper/internal/core/encryption/service.go:42.16,44.3 1 0
keeper/internal/core/encryption/service.go:45.2,46.16 2 0
keeper/internal/core/encryption/service.go:46.16,48.3 1 0
keeper/internal/core/encryption/service.go:49.2,50.16 2 0
keeper/internal/core/encryption/service.go:50.16,52.3 1 0
keeper/internal/core/encryption/service.go:54.2,54.45 1 0
keeper/internal/core/encryption/service.go:58.83,60.8 2 0
keeper/internal/core/encryption/service.go:60.8,62.3 1 0
keeper/internal/core/encryption/service.go:64.2,65.16 2 0
keeper/internal/core/encryption/service.go:65.16,67.3 1 0
keeper/internal/core/encryption/service.go:68.2,69.21 2 0
keeper/internal/core/model/secret.go:14.96,16.2 1 0
keeper/internal/core/model/secret.go:19.50,20.34 1 0
keeper/internal/core/model/secret.go:20.34,22.3 1 0
keeper/internal/core/model/secret.go:23.2,25.16 3 0
keeper/internal/core/model/secret.go:25.16,27.3 1 0
keeper/internal/core/model/secret.go:28.2,29.16 2 0
keeper/internal/core/model/secret.go:33.42,34.30 1 0
keeper/internal/core/model/secret.go:34.30,36.3 1 0
keeper/internal/core/model/secret.go:37.2,39.16 3 0
keeper/internal/core/model/secret.go:39.16,41.3 1 0
keeper/internal/core/model/secret.go:42.2,43.16 2 0
keeper/internal/core/model/secret.go:47.42,48.30 1 0
keeper/internal/core/model/secret.go:48.30,50.3 1 0
keeper/internal/core/model/secret.go:51.2,53.16 3 0
keeper/internal/core/model/secret.go:53.16,55.3 1 0
keeper/internal/core/model/secret.go:56.2,57.16 2 0
keeper/internal/core/model/secret.go:61.42,62.30 1 0
keeper/internal/core/model/secret.go:62.30,64.3 1 0
keeper/internal/core/model/secret.go:65.2,67.16 3 0
keeper/internal/core/model/secret.go:67.16,69.3 1 0
keeper/internal/core/model/secret.go:70.2,71.16 2 0
keeper/internal/core/model/secret.go:89.74,95.2 1 0
keeper/internal/core/model/secret.go:98.49,100.16 2 0
keeper/internal/core/model/secret.go:100.16,102.3 1 0
keeper/internal/core/model/secret.go:103.2,103.21 1 0
keeper/internal/core/model/secret.go:112.55,117.2 1 0
keeper/internal/core/model/secret.go:120.45,122.16 2 0
keeper/internal/core/model/secret.go:122.16,124.3 1 0
keeper/internal/core/model/secret.go:125.2,125.21 1 0
keeper/internal/core/model/secret.go:138.113,147.2 1 0
keeper/internal/core/model/secret.go:150.45,152.16 2 0
keeper/internal/core/model/secret.go:152.16,154.3 1 0
keeper/internal/core/model/secret.go:155.2,155.21 1 0
keeper/internal/core/model/secret.go:158.33,160.2 1 0
keeper/internal/core/model/secret.go:170.79,176.2 1 0
keeper/internal/core/model/secret.go:179.45,181.16 2 0
keeper/internal/core/model/secret.go:181.16,183.3 1 0
keeper/internal/core/model/secret.go:184.2,184.21 1 0
keeper/internal/core/service/iam.go:28.73,30.2 1 0
keeper/internal/core/service/iam.go:33.85,35.16 2 0
keeper/internal/core/service/iam.go:35.16,37.3 1 0
keeper/internal/core/service/iam.go:38.2,38.14 1 0
keeper/internal/core/service/iam.go:38.14,40.3 1 0
keeper/internal/core/service/iam.go:42.2,43.16 2 0
keeper/internal/core/service/iam.go:43.16,45.3 1 0
keeper/internal/core/service/iam.go:47.2,48.16 2 0
keeper/internal/core/service/iam.go:48.16,50.3 1 0
keeper/internal/core/service/iam.go:52.2,52.19 1 0
keeper/internal/core/service/iam.go:56.88,58.16 2 0
keeper/internal/core/service/iam.go:58.16,60.3 1 0
keeper/internal/core/service/iam.go:62.2,63.16 2 0
keeper/internal/core/service/iam.go:63.16,65.3 1 0
keeper/internal/core/service/iam.go:67.2,68.16 2 0
keeper/internal/core/service/iam.go:68.16,70.3 1 0
keeper/internal/core/service/iam.go:72.2,72.19 1 0
keeper/internal/core/service/iam.go:75.62,88.16 3 0
keeper/internal/core/service/iam.go:88.16,90.3 1 0
keeper/internal/core/service/iam.go:92.2,93.25 2 0
keeper/internal/core/service/iam.go:96.66,99.43 2 0
keeper/internal/core/service/iam.go:99.43,101.4 1 0
keeper/internal/core/service/iam.go:103.2,103.16 1 0
keeper/internal/core/service/iam.go:103.16,105.3 1 0
keeper/internal/core/service/iam.go:107.2,107.18 1 0
keeper/internal/core/service/iam.go:107.18,109.3 1 0
keeper/internal/core/service/iam.go:111.2,111.69 1 0
keeper/internal/core/service/secret.go:29.18,31.2 1 0
keeper/internal/core/service/secret.go:33.118,35.16 2 0
keeper/internal/core/service/secret.go:35.16,37.3 1 0
keeper/internal/core/service/secret.go:38.2,38.49 1 0
keeper/internal/core/service/secret.go:41.104,43.16 2 0
keeper/internal/core/service/secret.go:43.16,45.3 1 0
keeper/internal/core/service/secret.go:47.2,47.46 1 0
keeper/internal/core/service/secret.go:47.46,49.17 2 0
keeper/internal/core/service/secret.go:49.17,51.4 1 0
keeper/internal/core/service/secret.go:52.3,53.17 2 0
keeper/internal/core/service/secret.go:53.17,55.4 1 0
keeper/internal/core/service/secret.go:56.3,57.17 2 0
keeper/internal/core/service/secret.go:57.17,59.4 1 0
keeper/internal/core/service/secret.go:61.3,63.17 3 0
keeper/internal/core/service/secret.go:63.17,65.4 1 0
keeper/internal/core/service/secret.go:66.8,68.17 2 0
keeper/internal/core/service/secret.go:68.17,70.4 1 0
keeper/internal/core/service/secret.go:71.3,71.26 1 0
keeper/internal/core/service/secret.go:74.2,74.25 1 0
keeper/internal/core/service/secret.go:77.113,83.16 3 0
keeper/internal/core/service/secret.go:83.16,85.3 1 0
keeper/internal/core/service/secret.go:87.2,89.16 3 0
keeper/internal/core/service/secret.go:89.16,91.3 1 0
keeper/internal/core/service/secret.go:93.2,94.19 2 0
keeper/internal/core/service/secret.go:97.113,103.16 3 0
keeper/internal/core/service/secret.go:103.16,105.3 1 0
keeper/internal/core/service/secret.go:106.2,109.16 3 0
keeper/internal/core/service/secret.go:109.16,111.3 1 0
keeper/internal/core/service/secret.go:113.2,113.19 1 0
keeper/internal/core/service/secret.go:116.101,118.16 2 0
keeper/internal/core/service/secret.go:118.16,120.3 1 0
keeper/internal/core/service/secret.go:122.2,125.16 4 0
keeper/internal/core/service/secret.go:125.16,127.3 1 0
keeper/internal/core/service/secret.go:129.2,134.16 3 0
keeper/internal/core/service/secret.go:134.16,136.3 1 0
keeper/internal/core/service/secret.go:138.2,147.16 4 0
keeper/internal/core/service/secret.go:147.16,149.3 1 0
keeper/internal/core/service/secret.go:151.2,151.17 1 0
keeper/internal/infra/api/grpc/client.go:22.64,25.16 3 0
keeper/internal/infra/api/grpc/client.go:25.16,27.3 1 0
keeper/internal/infra/api/grpc/client.go:29.2,35.3 2 0
keeper/internal/infra/api/grpc/client.go:38.26,40.2 1 0
keeper/internal/infra/api/grpc/client.go:42.41,45.2 2 0
keeper/internal/infra/api/grpc/client.go:47.53,50.16 3 0
keeper/internal/infra/api/grpc/client.go:50.16,52.3 1 0
keeper/internal/infra/api/grpc/client.go:53.2,54.12 2 0
keeper/internal/infra/api/grpc/client.go:57.54,59.16 2 0
keeper/internal/infra/api/grpc/client.go:59.16,61.3 1 0
keeper/internal/infra/api/grpc/client.go:63.2,64.12 2 0
keeper/internal/infra/api/grpc/client.go:67.76,69.16 2 0
keeper/internal/infra/api/grpc/client.go:69.16,71.3 1 0
keeper/internal/infra/api/grpc/client.go:72.2,73.30 2 0
keeper/internal/infra/api/grpc/client.go:73.30,76.3 2 0
keeper/internal/infra/api/grpc/client.go:77.2,77.19 1 0
keeper/internal/infra/api/grpc/client.go:80.67,82.16 2 0
keeper/internal/infra/api/grpc/client.go:82.16,84.3 1 0
keeper/internal/infra/api/grpc/client.go:85.2,87.20 3 0
keeper/internal/infra/api/grpc/client.go:90.125,100.16 2 0
keeper/internal/infra/api/grpc/client.go:100.16,102.3 1 0
keeper/internal/infra/api/grpc/client.go:103.2,105.20 3 0
keeper/internal/infra/api/grpc/client.go:108.95,118.16 2 0
keeper/internal/infra/api/grpc/client.go:118.16,120.3 1 0
[...]
keeper/internal/infra/tui/views/secrets_list.go:129.4,129.13 1 0
keeper/internal/infra/tui/views/secrets_list.go:129.13,130.25 1 0
keeper/internal/infra/tui/views/secrets_list.go:130.25,132.6 1 0
keeper/internal/infra/tui/views/secrets_list.go:132.11,134.6 1 0
keeper/internal/infra/tui/views/secrets_list.go:136.5,136.34 1 0
keeper/internal/infra/tui/views/secrets_list.go:136.34,138.6 1 0
keeper/internal/infra/tui/views/secrets_list.go:138.11,138.32 1 0
keeper/internal/infra/tui/views/secrets_list.go:138.32,140.6 1 0
keeper/internal/infra/tui/views/secrets_list.go:143.4,144.40 2 0
keeper/internal/infra/tui/views/secrets_list.go:144.40,149.5 3 0
keeper/internal/infra/tui/views/secrets_list.go:149.10,154.5 3 0
keeper/internal/infra/tui/views/secrets_list.go:156.4,156.36 1 0
keeper/internal/infra/tui/views/secrets_list.go:156.36,161.5 3 0
keeper/internal/infra/tui/views/secrets_list.go:161.10,165.5 2 0
keeper/internal/infra/tui/views/secrets_list.go:167.4,167.14 1 0
keeper/internal/infra/tui/views/secrets_list.go:168.11,169.40 1 0
keeper/internal/infra/tui/views/secrets_list.go:169.40,176.5 3 0
keeper/internal/infra/tui/views/secrets_list.go:178.4,178.27 1 0
keeper/internal/infra/tui/views/secrets_list.go:178.27,180.5 1 0
keeper/internal/infra/tui/views/secrets_list.go:182.4,182.27 1 0
keeper/internal/infra/tui/views/secrets_list.go:182.27,184.19 2 0
keeper/internal/infra/tui/views/secrets_list.go:184.19,186.20 2 0
keeper/internal/infra/tui/views/secrets_list.go:186.20,188.7 1 0
keeper/internal/infra/tui/views/secrets_list.go:189.6,189.38 1 0
keeper/internal/infra/tui/views/secrets_list.go:190.36,191.91 1 0
keeper/internal/infra/tui/views/secrets_list.go:192.32,193.87 1 0
keeper/internal/infra/tui/views/secrets_list.go:194.32,195.87 1 0
keeper/internal/infra/tui/views/secrets_list.go:196.32,197.87 1 0
keeper/internal/infra/tui/views/secrets_list.go:206.2,206.12 1 0
keeper/internal/infra/tui/views/secrets_list.go:209.40,230.2 13 0
keeper/internal/infra/tui/views/shared.go:59.53,60.24 1 0
keeper/internal/infra/tui/views/shared.go:60.24,63.3 2 0
keeper/internal/infra/tui/views/shared.go:71.62,76.2 1 0
keeper/internal/infra/tui/views/shared.go:78.35,78.59 1 0
keeper/internal/infra/tui/views/shared.go:80.38,82.2 1 0
keeper/internal/infra/tui/views/shared.go:84.37,86.2 1 0
keeper/internal/infra/tui/views/shared.go:88.58,89.24 1 0
keeper/internal/infra/tui/views/shared.go:89.24,91.3 1 0
keeper/internal/infra/tui/views/signup.go:21.47,24.24 2 0
keeper/internal/infra/tui/views/signup.go:24.24,29.12 4 0
keeper/internal/infra/tui/views/signup.go:30.10,35.20 5 0
keeper/internal/infra/tui/views/signup.go:36.10,39.27 3 0
keeper/internal/infra/tui/views/signup.go:40.10,43.27 3 0
keeper/internal/infra/tui/views/signup.go:46.3,46.16 1 0
keeper/internal/infra/tui/views/signup.go:48.2,52.3 1 0
keeper/internal/infra/tui/views/signup.go:55.70,56.24 1 0
keeper/internal/infra/tui/views/signup.go:56.24,58.17 2 0
keeper/internal/infra/tui/views/signup.go:58.17,61.4 2 0
keeper/internal/infra/tui/views/signup.go:62.3,62.67 1 0
keeper/internal/infra/tui/views/signup.go:66.50,67.27 1 0
keeper/internal/infra/tui/views/signup.go:68.18,70.23 1 0
keeper/internal/infra/tui/views/signup.go:71.24,72.19 1 0
keeper/internal/infra/tui/views/signup.go:75.50,79.99 2 0
keeper/internal/infra/tui/views/signup.go:79.99,81.5 1 0
keeper/internal/infra/tui/views/signup.go:82.4,82.99 1 0
keeper/internal/infra/tui/views/signup.go:82.99,84.5 1 0
keeper/internal/infra/tui/views/signup.go:87.4,87.37 1 0
keeper/internal/infra/tui/views/signup.go:87.37,89.5 1 0
keeper/internal/infra/tui/views/signup.go:89.10,91.5 1 0
keeper/internal/infra/tui/views/signup.go:93.4,93.36 1 0
keeper/internal/infra/tui/views/signup.go:93.36,95.5 1 0
keeper/internal/infra/tui/views/signup.go:95.10,95.31 1 0
keeper/internal/infra/tui/views/signup.go:95.31,97.5 1 0
keeper/internal/infra/tui/views/signup.go:99.4,100.42 2 0
keeper/internal/infra/tui/views/signup.go:100.42,101.26 1 0
keeper/internal/infra/tui/views/signup.go:101.26,106.14 4 0
keeper/internal/infra/tui/views/signup.go:109.5,111.36 3 0
keeper/internal/infra/tui/views/signup.go:114.4,114.29 1 0
keeper/internal/infra/tui/views/signup.go:119.2,121.12 2 0
keeper/internal/infra/tui/views/signup.go:124.56,129.26 2 0
keeper/internal/infra/tui/views/signup.go:129.26,131.3 1 0
keeper/internal/infra/tui/views/signup.go:133.2,133.27 1 0
keeper/internal/infra/tui/views/signup.go:136.36,142.26 5 0
keeper/internal/infra/tui/views/signup.go:142.26,144.26 2 0
keeper/internal/infra/tui/views/signup.go:144.26,146.4 1 0
keeper/internal/infra/tui/views/signup.go:149.2,150.35 2 0
keeper/internal/infra/tui/views/signup.go:150.35,152.3 1 0
keeper/internal/infra/tui/views/signup.go:153.2,157.19 3 0
keeper/internal/infra/tui/views/upsert_card.go:41.42,43.19 1 0
keeper/internal/infra/tui/views/upsert_card.go:43.19,45.3 1 0
keeper/internal/infra/tui/views/upsert_card.go:47.2,47.19 1 0
keeper/internal/infra/tui/views/upsert_card.go:47.19,49.3 1 0
keeper/internal/infra/tui/views/upsert_card.go:51.2,54.12 3 0
keeper/internal/infra/tui/views/upsert_card.go:57.35,60.47 1 0
keeper/internal/infra/tui/views/upsert_card.go:60.47,62.3 1 0
keeper/internal/infra/tui/views/upsert_card.go:64.2,65.28 2 0
keeper/internal/infra/tui/views/upsert_card.go:65.28,67.13 2 0
keeper/internal/infra/tui/views/upsert_card.go:67.13,69.4 1 0
keeper/internal/infra/tui/views/upsert_card.go:70.3,71.17 2 0
keeper/internal/infra/tui/views/upsert_card.go:71.17,73.4 1 0
keeper/internal/infra/tui/views/upsert_card.go:76.2,76.12 1 0
keeper/internal/infra/tui/views/upsert_card.go:79.35,81.17 1 0
keeper/internal/infra/tui/views/upsert_card.go:81.17,83.3 1 0
keeper/internal/infra/tui/views/upsert_card.go:85.2,86.16 2 0
keeper/internal/infra/tui/views/upsert_card.go:86.16,88.3 1 0
keeper/internal/infra/tui/views/upsert_card.go:89.2,89.12 1 0
keeper/internal/infra/tui/views/upsert_card.go:92.55,170.2 47 0
keeper/internal/infra/tui/views/upsert_card.go:172.56,173.24 1 0
keeper/internal/infra/tui/views/upsert_card.go:173.24,174.22 1 0
keeper/internal/infra/tui/views/upsert_card.go:174.22,176.4 1 0
keeper/internal/infra/tui/views/upsert_card.go:177.3,179.17 3 0
keeper/internal/infra/tui/views/upsert_card.go:179.17,182.4 2 0
keeper/internal/infra/tui/views/upsert_card.go:183.3,184.17 2 0
keeper/internal/infra/tui/views/upsert_card.go:184.17,187.4 2 0
keeper/internal/infra/tui/views/upsert_card.go:189.3,198.12 9 0
keeper/internal/infra/tui/views/upsert_card.go:202.122,203.24 1 0
keeper/internal/infra/tui/views/upsert_card.go:203.24,206.17 3 0
keeper/internal/infra/tui/views/upsert_card.go:206.17,209.4 2 0
keeper/internal/infra/tui/views/upsert_card.go:211.3,211.24 1 0
keeper/internal/infra/tui/views/upsert_card.go:211.24,213.4 1 0
keeper/internal/infra/tui/views/upsert_card.go:213.9,215.4 1 0
keeper/internal/infra/tui/views/upsert_card.go:216.3,216.17 1 0
keeper/internal/infra/tui/views/upsert_card.go:216.17,219.4 2 0
keeper/internal/infra/tui/views/upsert_card.go:220.3,221.69 2 0
keeper/internal/infra/tui/views/upsert_card.go:225.54,226.27 1 0
keeper/internal/infra/tui/views/upsert_card.go:227.18,228.23 1 0
keeper/internal/infra/tui/views/upsert_card.go:229.24,230.67 1 0
keeper/internal/infra/tui/views/upsert_card.go:232.50,236.51 2 0
keeper/internal/infra/tui/views/upsert_card.go:236.51,238.5 1 0
keeper/internal/infra/tui/views/upsert_card.go:240.4,240.53 1 0
keeper/internal/infra/tui/views/upsert_card.go:240.53,242.5 1 0
keeper/internal/infra/tui/views/upsert_card.go:243.4,243.53 1 0
keeper/internal/infra/tui/views/upsert_card.go:243.53,245.34 2 0
keeper/internal/infra/tui/views/upsert_card.go:245.34,247.6 1 0
keeper/internal/infra/tui/views/upsert_card.go:248.5,248.33 1 0
keeper/internal/infra/tui/views/upsert_card.go:248.33,251.6 2 0
keeper/internal/infra/tui/views/upsert_card.go:252.5,252.33 1 0
keeper/internal/infra/tui/views/upsert_card.go:252.33,255.6 2 0
keeper/internal/infra/tui/views/upsert_card.go:256.5,256.31 1 0
keeper/internal/infra/tui/views/upsert_card.go:256.31,259.6 2 0
keeper/internal/infra/tui/views/upsert_card.go:260.5,260.30 1 0
keeper/internal/infra/tui/views/upsert_card.go:260.30,263.6 2 0
keeper/internal/infra/tui/views/upsert_card.go:264.5,264.22 1 0
keeper/internal/infra/tui/views/upsert_card.go:264.22,266.6 1 0
keeper/internal/infra/tui/views/upsert_card.go:269.5,272.19 3 0
keeper/internal/infra/tui/views/upsert_card.go:272.19,274.6 1 0
keeper/internal/infra/tui/views/upsert_card.go:275.5,276.19 2 0
keeper/internal/infra/tui/views/upsert_card.go:276.19,278.6 1 0
keeper/internal/infra/tui/views/upsert_card.go:279.5,280.19 2 0
keeper/internal/infra/tui/views/upsert_card.go:280.19,282.6 1 0
keeper/internal/infra/tui/views/upsert_card.go:283.5,291.6 1 0
keeper/internal/infra/tui/views/upsert_card.go:295.4,295.37 1 0
keeper/internal/infra/tui/views/upsert_card.go:295.37,297.5 1 0
keeper/internal/infra/tui/views/upsert_card.go:297.10,299.5 1 0
keeper/internal/infra/tui/views/upsert_card.go:301.4,301.33 1 0
keeper/internal/infra/tui/views/upsert_card.go:301.33,303.5 1 0
keeper/internal/infra/tui/views/upsert_card.go:303.10,303.31 1 0
keeper/internal/infra/tui/views/upsert_card.go:303.31,305.5 1 0
keeper/internal/infra/tui/views/upsert_card.go:307.4,309.35 2 0
keeper/internal/infra/tui/views/upsert_card.go:309.35,313.5 3 0
keeper/internal/infra/tui/views/upsert_card.go:313.10,317.5 3 0
keeper/internal/infra/tui/views/upsert_card.go:320.4,320.37 1 0
keeper/internal/infra/tui/views/upsert_card.go:320.37,324.5 3 0
keeper/internal/infra/tui/views/upsert_card.go:324.10,328.5 3 0
keeper/internal/infra/tui/views/upsert_card.go:331.4,331.37 1 0
keeper/internal/infra/tui/views/upsert_card.go:331.37,335.5 3 0
keeper/internal/infra/tui/views/upsert_card.go:335.10,339.5 3 0
keeper/internal/infra/tui/views/upsert_card.go:342.4,342.35 1 0
keeper/internal/infra/tui/views/upsert_card.go:342.35,346.5 3 0
keeper/internal/infra/tui/views/upsert_card.go:346.10,350.5 3 0
keeper/internal/infra/tui/views/upsert_card.go:353.4,353.34 1 0
keeper/internal/infra/tui/views/upsert_card.go:353.34,357.5 3 0
keeper/internal/infra/tui/views/upsert_card.go:357.10,361.5 3 0
keeper/internal/infra/tui/views/upsert_card.go:364.4,364.35 1 0
keeper/internal/infra/tui/views/upsert_card.go:364.35,366.5 1 0
keeper/internal/infra/tui/views/upsert_card.go:366.10,368.5 1 0
keeper/internal/infra/tui/views/upsert_card.go:370.4,370.14 1 0
keeper/internal/infra/tui/views/upsert_card.go:373.3,373.29 1 0
keeper/internal/infra/tui/views/upsert_card.go:375.2,375.12 1 0
keeper/internal/infra/tui/views/upsert_card.go:378.60,390.2 8 0
keeper/internal/infra/tui/views/upsert_card.go:392.40,395.23 3 0
keeper/internal/infra/tui/views/upsert_card.go:395.23,397.3 1 0
keeper/internal/infra/tui/views/upsert_card.go:398.2,425.35 21 0
keeper/internal/infra/tui/views/upsert_card.go:425.35,427.3 1 0
keeper/internal/infra/tui/views/upsert_card.go:428.2,433.35 4 0
keeper/internal/infra/tui/views/upsert_card.go:433.35,435.3 1 0
keeper/internal/infra/tui/views/upsert_card.go:436.2,443.19 5 0
keeper/internal/infra/tui/views/upsert_note.go:34.55,73.2 17 0
keeper/internal/infra/tui/views/upsert_note.go:75.56,76.24 1 0
keeper/internal/infra/tui/views/upsert_note.go:76.24,77.22 1 0
keeper/internal/infra/tui/views/upsert_note.go:77.22,79.4 1 0
keeper/internal/infra/tui/views/upsert_note.go:80.3,82.17 3 0
keeper/internal/infra/tui/views/upsert_note.go:82.17,85.4 2 0
keeper/internal/infra/tui/views/upsert_note.go:86.3,87.17 2 0
keeper/internal/infra/tui/views/upsert_note.go:87.17,90.4 2 0
keeper/internal/infra/tui/views/upsert_note.go:92.3,97.12 6 0
keeper/internal/infra/tui/views/upsert_note.go:101.75,102.24 1 0
keeper/internal/infra/tui/views/upsert_note.go:102.24,105.17 3 0
keeper/internal/infra/tui/views/upsert_note.go:105.17,108.4 2 0
keeper/internal/infra/tui/views/upsert_note.go:110.3,110.24 1 0
keeper/internal/infra/tui/views/upsert_note.go:110.24,112.4 1 0
keeper/internal/infra/tui/views/upsert_note.go:112.9,114.4 1 0
keeper/internal/infra/tui/views/upsert_note.go:115.3,115.17 1 0
keeper/internal/infra/tui/views/upsert_note.go:115.17,118.4 2 0
keeper/internal/infra/tui/views/upsert_note.go:119.3,120.69 2 0
keeper/internal/infra/tui/views/upsert_note.go:124.54,125.27 1 0
keeper/internal/infra/tui/views/upsert_note.go:126.18,127.23 1 0
keeper/internal/infra/tui/views/upsert_note.go:128.24,129.67 1 0
keeper/internal/infra/tui/views/upsert_note.go:131.50,135.84 2 0
keeper/internal/infra/tui/views/upsert_note.go:135.84,137.5 1 0
keeper/internal/infra/tui/views/upsert_note.go:139.4,139.53 1 0
keeper/internal/infra/tui/views/upsert_note.go:139.53,141.5 1 0
keeper/internal/infra/tui/views/upsert_note.go:142.4,142.53 1 0
keeper/internal/infra/tui/views/upsert_note.go:142.53,143.63 1 0
keeper/internal/infra/tui/views/upsert_note.go:143.63,145.6 1 0
keeper/internal/infra/tui/views/upsert_note.go:146.5,150.6 1 0
keeper/internal/infra/tui/views/upsert_note.go:154.4,154.37 1 0
keeper/internal/infra/tui/views/upsert_note.go:154.37,156.5 1 0
keeper/internal/infra/tui/views/upsert_note.go:156.10,158.5 1 0
keeper/internal/infra/tui/views/upsert_note.go:160.4,160.33 1 0
keeper/internal/infra/tui/views/upsert_note.go:160.33,162.5 1 0
keeper/internal/infra/tui/views/upsert_note.go:162.10,162.31 1 0
keeper/internal/infra/tui/views/upsert_note.go:162.31,164.5 1 0
keeper/internal/infra/tui/views/upsert_note.go:166.4,168.35 2 0
keeper/internal/infra/tui/views/upsert_note.go:168.35,172.5 3 0
keeper/internal/infra/tui/views/upsert_note.go:172.10,176.5 3 0
keeper/internal/infra/tui/views/upsert_note.go:178.4,178.35 1 0
keeper/internal/infra/tui/views/upsert_note.go:178.35,182.5 1 0
keeper/internal/infra/tui/views/upsert_note.go:182.10,186.5 1 0
keeper/internal/infra/tui/views/upsert_note.go:188.4,188.35 1 0
keeper/internal/infra/tui/views/upsert_note.go:188.35,190.5 1 0
keeper/internal/infra/tui/views/upsert_note.go:190.10,192.5 1 0
keeper/internal/infra/tui/views/upsert_note.go:194.4,194.14 1 0
keeper/internal/infra/tui/views/upsert_note.go:197.3,197.29 1 0
keeper/internal/infra/tui/views/upsert_note.go:199.2,199.12 1 0
keeper/internal/infra/tui/views/upsert_note.go:202.60,210.2 5 0
keeper/internal/infra/tui/views/upsert_note.go:212.40,215.23 3 0
keeper/internal/infra/tui/views/upsert_note.go:215.23,217.3 1 0
keeper/internal/infra/tui/views/upsert_note.go:218.2,236.35 13 0
keeper/internal/infra/tui/views/upsert_note.go:236.35,238.3 1 0
keeper/internal/infra/tui/views/upsert_note.go:239.2,244.35 4 0
keeper/internal/infra/tui/views/upsert_note.go:244.35,246.3 1 0
keeper/internal/infra/tui/views/upsert_note.go:247.2,254.19 5 0
keeper/internal/infra/tui/views/upsert_pwd.go:36.53,91.2 29 0
keeper/internal/infra/tui/views/upsert_pwd.go:93.55,94.24 1 0
keeper/internal/infra/tui/views/upsert_pwd.go:94.24,95.22 1 0
keeper/internal/infra/tui/views/upsert_pwd.go:95.22,97.4 1 0
keeper/internal/infra/tui/views/upsert_pwd.go:98.3,100.17 3 0
keeper/internal/infra/tui/views/upsert_pwd.go:100.17,103.4 2 0
keeper/internal/infra/tui/views/upsert_pwd.go:104.3,105.17 2 0
keeper/internal/infra/tui/views/upsert_pwd.go:105.17,108.4 2 0
keeper/internal/infra/tui/views/upsert_pwd.go:110.3,116.12 7 0
keeper/internal/infra/tui/views/upsert_pwd.go:120.82,121.24 1 0
keeper/internal/infra/tui/views/upsert_pwd.go:121.24,124.17 3 0
keeper/internal/infra/tui/views/upsert_pwd.go:124.17,127.4 2 0
keeper/internal/infra/tui/views/upsert_pwd.go:129.3,129.24 1 0
keeper/internal/infra/tui/views/upsert_pwd.go:129.24,131.4 1 0
keeper/internal/infra/tui/views/upsert_pwd.go:131.9,133.4 1 0
keeper/internal/infra/tui/views/upsert_pwd.go:134.3,134.17 1 0
keeper/internal/infra/tui/views/upsert_pwd.go:134.17,137.4 2 0
keeper/internal/infra/tui/views/upsert_pwd.go:138.3,139.69 2 0
keeper/internal/infra/tui/views/upsert_pwd.go:143.53,144.27 1 0
keeper/internal/infra/tui/views/upsert_pwd.go:145.18,146.23 1 0
keeper/internal/infra/tui/views/upsert_pwd.go:147.24,148.67 1 0
keeper/internal/infra/tui/views/upsert_pwd.go:150.50,154.51 2 0
keeper/internal/infra/tui/views/upsert_pwd.go:154.51,156.5 1 0
keeper/internal/infra/tui/views/upsert_pwd.go:158.4,158.53 1 0
keeper/internal/infra/tui/views/upsert_pwd.go:158.53,160.5 1 0
keeper/internal/infra/tui/views/upsert_pwd.go:161.4,161.53 1 0
keeper/internal/infra/tui/views/upsert_pwd.go:161.53,162.62 1 0
keeper/internal/infra/tui/views/upsert_pwd.go:162.62,164.6 1 0
keeper/internal/infra/tui/views/upsert_pwd.go:165.5,170.6 1 0
keeper/internal/infra/tui/views/upsert_pwd.go:174.4,174.37 1 0
keeper/internal/infra/tui/views/upsert_pwd.go:174.37,176.5 1 0
keeper/internal/infra/tui/views/upsert_pwd.go:176.10,178.5 1 0
keeper/internal/infra/tui/views/upsert_pwd.go:180.4,180.33 1 0
keeper/internal/infra/tui/views/upsert_pwd.go:180.33,182.5 1 0
keeper/internal/infra/tui/views/upsert_pwd.go:182.10,182.31 1 0
keeper/internal/infra/tui/views/upsert_pwd.go:182.31,184.5 1 0
keeper/internal/infra/tui/views/upsert_pwd.go:186.4,188.35 2 0
keeper/internal/infra/tui/views/upsert_pwd.go:188.35,192.5 3 0
keeper/internal/infra/tui/views/upsert_pwd.go:192.10,196.5 3 0
keeper/internal/infra/tui/views/upsert_pwd.go:198.4,198.36 1 0
keeper/internal/infra/tui/views/upsert_pwd.go:198.36,202.5 3 0
keeper/internal/infra/tui/views/upsert_pwd.go:202.10,206.5 3 0
keeper/internal/infra/tui/views/upsert_pwd.go:208.4,208.34 1 0
keeper/internal/infra/tui/views/upsert_pwd.go:208.34,212.5 3 0
keeper/internal/infra/tui/views/upsert_pwd.go:212.10,216.5 3 0
keeper/internal/infra/tui/views/upsert_pwd.go:218.4,218.35 1 0
keeper/internal/infra/tui/views/upsert_pwd.go:218.35,220.5 1 0
keeper/internal/infra/tui/views/upsert_pwd.go:220.10,222.5 1 0
keeper/internal/infra/tui/views/upsert_pwd.go:224.4,224.14 1 0
keeper/internal/infra/tui/views/upsert_pwd.go:227.3,227.29 1 0
keeper/internal/infra/tui/views/upsert_pwd.go:229.2,229.12 1 0
keeper/internal/infra/tui/views/upsert_pwd.go:232.59,241.2 6 0
keeper/internal/infra/tui/views/upsert_pwd.go:243.39,246.23 3 0
keeper/internal/infra/tui/views/upsert_pwd.go:246.23,248.3 1 0
keeper/internal/infra/tui/views/upsert_pwd.go:249.2,269.35 14 0
keeper/internal/infra/tui/views/upsert_pwd.go:269.35,271.3 1 0
keeper/internal/infra/tui/views/upsert_pwd.go:272.2,277.35 4 0
keeper/internal/infra/tui/views/upsert_pwd.go:277.35,279.3 1 0
keeper/internal/infra/tui/views/upsert_pwd.go:280.2,287.19 5 0
keeper/internal/logger/logger.go:9.37,11.16 2 0
keeper/internal/logger/logger.go:11.16,13.3 1 0
keeper/internal/logger/logger.go:15.2,19.16 4 0
keeper/internal/logger/logger.go:19.16,21.3 1 0
keeper/internal/logger/logger.go:23.2,24.12 2 0
keeper/internal/retrier/retry.go:13.87,19.6 5 1
keeper/internal/retrier/retry.go:19.6,20.10 1 1
keeper/internal/retrier/retry.go:21.21,22.20 1 0
keeper/internal/retrier/retry.go:23.22,24.11 1 1
keeper/internal/retrier/retry.go:24.11,26.5 1 0
keeper/internal/retrier/retry.go:28.4,28.39 1 1
keeper/internal/retrier/retry.go:28.39,30.5 1 0
keeper/internal/retrier/retry.go:32.4,32.30 1 1
keeper/internal/retrier/retry.go:32.30,34.5 1 1
keeper/internal/retrier/retry.go:35.4,35.49 1 0
keeper/internal/retrier/retry.go:35.49,37.5 1 0
keeper/internal/retrier/retry.go:38.4,38.13 1 0
keeper/internal/retrier/retry.go:43.47,44.25 1 0
keeper/internal/retrier/retry.go:44.25,45.24 1 0
keeper/internal/retrier/retry.go:45.24,47.4 1 0
keeper/internal/retrier/retry.go:49.2,49.14 1 0
keeper/internal/retrier/strategy.go:11.100,12.49 1 1
keeper/internal/retrier/strategy.go:12.49,14.13 2 1
keeper/internal/retrier/strategy.go:14.13,17.33 2 1
keeper/internal/retrier/strategy.go:17.33,18.12 1 1
keeper/internal/retrier/strategy.go:19.23,20.12 1 1
keeper/internal/retrier/strategy.go:21.27,21.27 0 1
keeper/internal/retrier/strategy.go:24.5,30.22 2 1
keeper/internal/retrier/strategy.go:33.3,33.12 1 1
keeper/internal/retrier/strategy.go:37.57,38.9 1 1
keeper/internal/retrier/strategy.go:39.30,40.9 1 0
keeper/internal/retrier/strategy.go:41.20,42.9 1 1
